{"C:\\Users\\vansh\\OneDrive\\Desktop\\vaishnav\\web dev\\Major_Leetcode\\full project\\codeforge_deploy_clean\\backend\\src\\index.js": {"path":"C:\\Users\\vansh\\OneDrive\\Desktop\\vaishnav\\web dev\\Major_Leetcode\\full project\\codeforge_deploy_clean\\backend\\src\\index.js","statementMap":{"0":{"start":{"line":1,"column":12},"end":{"line":1,"column":26}},"1":{"start":{"line":2,"column":0},"end":{"line":2,"column":39}},"2":{"start":{"line":3,"column":14},"end":{"line":3,"column":32}},"3":{"start":{"line":4,"column":10},"end":{"line":4,"column":19}},"4":{"start":{"line":5,"column":0},"end":{"line":5,"column":26}},"5":{"start":{"line":6,"column":0},"end":{"line":6,"column":27}},"6":{"start":{"line":7,"column":11},"end":{"line":7,"column":33}},"7":{"start":{"line":8,"column":20},"end":{"line":8,"column":44}},"8":{"start":{"line":9,"column":17},"end":{"line":9,"column":45}},"9":{"start":{"line":10,"column":18},"end":{"line":10,"column":43}},"10":{"start":{"line":11,"column":20},"end":{"line":11,"column":54}},"11":{"start":{"line":12,"column":19},"end":{"line":12,"column":45}},"12":{"start":{"line":14,"column":11},"end":{"line":14,"column":26}},"13":{"start":{"line":16,"column":23},"end":{"line":21,"column":17}},"14":{"start":{"line":23,"column":0},"end":{"line":39,"column":4}},"15":{"start":{"line":25,"column":4},"end":{"line":25,"column":45}},"16":{"start":{"line":25,"column":17},"end":{"line":25,"column":45}},"17":{"start":{"line":26,"column":4},"end":{"line":33,"column":5}},"18":{"start":{"line":32,"column":6},"end":{"line":32,"column":34}},"19":{"start":{"line":34,"column":4},"end":{"line":34,"column":32}},"20":{"start":{"line":40,"column":0},"end":{"line":40,"column":24}},"21":{"start":{"line":41,"column":0},"end":{"line":41,"column":24}},"22":{"start":{"line":44,"column":0},"end":{"line":51,"column":3}},"23":{"start":{"line":45,"column":2},"end":{"line":50,"column":5}},"24":{"start":{"line":53,"column":0},"end":{"line":53,"column":28}},"25":{"start":{"line":54,"column":0},"end":{"line":54,"column":34}},"26":{"start":{"line":55,"column":0},"end":{"line":55,"column":36}},"27":{"start":{"line":58,"column":23},"end":{"line":58,"column":61}},"28":{"start":{"line":59,"column":19},"end":{"line":59,"column":60}},"29":{"start":{"line":60,"column":0},"end":{"line":60,"column":44}},"30":{"start":{"line":62,"column":26},"end":{"line":78,"column":1}},"31":{"start":{"line":63,"column":4},"end":{"line":73,"column":5}},"32":{"start":{"line":64,"column":6},"end":{"line":66,"column":7}},"33":{"start":{"line":65,"column":8},"end":{"line":65,"column":99}},"34":{"start":{"line":65,"column":49},"end":{"line":65,"column":97}},"35":{"start":{"line":67,"column":6},"end":{"line":67,"column":19}},"36":{"start":{"line":68,"column":6},"end":{"line":68,"column":34}},"37":{"start":{"line":71,"column":6},"end":{"line":71,"column":65}},"38":{"start":{"line":72,"column":6},"end":{"line":72,"column":91}},"39":{"start":{"line":75,"column":4},"end":{"line":77,"column":7}},"40":{"start":{"line":76,"column":6},"end":{"line":76,"column":83}},"41":{"start":{"line":82,"column":0},"end":{"line":84,"column":1}},"42":{"start":{"line":83,"column":2},"end":{"line":83,"column":24}},"43":{"start":{"line":86,"column":0},"end":{"line":86,"column":21}}},"fnMap":{"0":{"name":"(anonymous_0)","decl":{"start":{"line":24,"column":10},"end":{"line":24,"column":11}},"loc":{"start":{"line":24,"column":38},"end":{"line":35,"column":3}},"line":24},"1":{"name":"(anonymous_1)","decl":{"start":{"line":44,"column":36},"end":{"line":44,"column":37}},"loc":{"start":{"line":44,"column":50},"end":{"line":51,"column":1}},"line":44},"2":{"name":"(anonymous_2)","decl":{"start":{"line":62,"column":26},"end":{"line":62,"column":27}},"loc":{"start":{"line":62,"column":35},"end":{"line":78,"column":1}},"line":62},"3":{"name":"(anonymous_3)","decl":{"start":{"line":65,"column":42},"end":{"line":65,"column":43}},"loc":{"start":{"line":65,"column":49},"end":{"line":65,"column":97}},"line":65},"4":{"name":"(anonymous_4)","decl":{"start":{"line":75,"column":48},"end":{"line":75,"column":49}},"loc":{"start":{"line":75,"column":54},"end":{"line":77,"column":5}},"line":75}},"branchMap":{"0":{"loc":{"start":{"line":25,"column":4},"end":{"line":25,"column":45}},"type":"if","locations":[{"start":{"line":25,"column":4},"end":{"line":25,"column":45}},{"start":{},"end":{}}],"line":25},"1":{"loc":{"start":{"line":26,"column":4},"end":{"line":33,"column":5}},"type":"if","locations":[{"start":{"line":26,"column":4},"end":{"line":33,"column":5}},{"start":{},"end":{}}],"line":26},"2":{"loc":{"start":{"line":27,"column":6},"end":{"line":30,"column":43}},"type":"binary-expr","locations":[{"start":{"line":27,"column":6},"end":{"line":27,"column":37}},{"start":{"line":28,"column":6},"end":{"line":28,"column":36}},{"start":{"line":29,"column":6},"end":{"line":29,"column":34}},{"start":{"line":30,"column":6},"end":{"line":30,"column":43}}],"line":27},"3":{"loc":{"start":{"line":64,"column":6},"end":{"line":66,"column":7}},"type":"if","locations":[{"start":{"line":64,"column":6},"end":{"line":66,"column":7}},{"start":{},"end":{}}],"line":64},"4":{"loc":{"start":{"line":75,"column":22},"end":{"line":75,"column":46}},"type":"binary-expr","locations":[{"start":{"line":75,"column":22},"end":{"line":75,"column":38}},{"start":{"line":75,"column":42},"end":{"line":75,"column":46}}],"line":75},"5":{"loc":{"start":{"line":76,"column":56},"end":{"line":76,"column":80}},"type":"binary-expr","locations":[{"start":{"line":76,"column":56},"end":{"line":76,"column":72}},{"start":{"line":76,"column":76},"end":{"line":76,"column":80}}],"line":76},"6":{"loc":{"start":{"line":82,"column":0},"end":{"line":84,"column":1}},"type":"if","locations":[{"start":{"line":82,"column":0},"end":{"line":84,"column":1}},{"start":{},"end":{}}],"line":82}},"s":{"0":1,"1":1,"2":1,"3":1,"4":1,"5":1,"6":1,"7":1,"8":1,"9":1,"10":1,"11":1,"12":1,"13":1,"14":1,"15":9,"16":8,"17":1,"18":1,"19":0,"20":1,"21":1,"22":1,"23":2,"24":1,"25":1,"26":1,"27":1,"28":1,"29":1,"30":1,"31":0,"32":0,"33":0,"34":0,"35":0,"36":0,"37":0,"38":0,"39":0,"40":0,"41":1,"42":0,"43":1},"f":{"0":9,"1":2,"2":0,"3":0,"4":0},"b":{"0":[8,1],"1":[1,0],"2":[1,0,0,0],"3":[0,0],"4":[0,0],"5":[0,0],"6":[0,1]},"_coverageSchema":"1a1c01bbd47fc00a2c39e90264f33305004495a9","hash":"0aacb91dd8a520a3a8fd3ade7d9e33562dde0fd1"}
,"C:\\Users\\vansh\\OneDrive\\Desktop\\vaishnav\\web dev\\Major_Leetcode\\full project\\codeforge_deploy_clean\\backend\\src\\config\\db.js": {"path":"C:\\Users\\vansh\\OneDrive\\Desktop\\vaishnav\\web dev\\Major_Leetcode\\full project\\codeforge_deploy_clean\\backend\\src\\config\\db.js","statementMap":{"0":{"start":{"line":1,"column":12},"end":{"line":1,"column":26}},"1":{"start":{"line":2,"column":0},"end":{"line":2,"column":39}},"2":{"start":{"line":3,"column":15},"end":{"line":3,"column":34}},"3":{"start":{"line":6,"column":4},"end":{"line":8,"column":7}},"4":{"start":{"line":10,"column":0},"end":{"line":10,"column":20}}},"fnMap":{"0":{"name":"main","decl":{"start":{"line":5,"column":15},"end":{"line":5,"column":19}},"loc":{"start":{"line":5,"column":22},"end":{"line":9,"column":1}},"line":5}},"branchMap":{},"s":{"0":1,"1":1,"2":1,"3":0,"4":1},"f":{"0":0},"b":{},"_coverageSchema":"1a1c01bbd47fc00a2c39e90264f33305004495a9","hash":"aeeafd14111e5a725ce158f4f0634841b74bb08e"}
,"C:\\Users\\vansh\\OneDrive\\Desktop\\vaishnav\\web dev\\Major_Leetcode\\full project\\codeforge_deploy_clean\\backend\\src\\config\\redis.js": {"path":"C:\\Users\\vansh\\OneDrive\\Desktop\\vaishnav\\web dev\\Major_Leetcode\\full project\\codeforge_deploy_clean\\backend\\src\\config\\redis.js","statementMap":{"0":{"start":{"line":1,"column":25},"end":{"line":1,"column":41}},"1":{"start":{"line":3,"column":20},"end":{"line":17,"column":2}},"2":{"start":{"line":10,"column":12},"end":{"line":13,"column":13}},"3":{"start":{"line":11,"column":16},"end":{"line":11,"column":78}},"4":{"start":{"line":12,"column":16},"end":{"line":12,"column":63}},"5":{"start":{"line":14,"column":12},"end":{"line":14,"column":49}},"6":{"start":{"line":19,"column":0},"end":{"line":21,"column":3}},"7":{"start":{"line":20,"column":4},"end":{"line":20,"column":62}},"8":{"start":{"line":23,"column":0},"end":{"line":25,"column":3}},"9":{"start":{"line":24,"column":4},"end":{"line":24,"column":59}},"10":{"start":{"line":27,"column":0},"end":{"line":29,"column":3}},"11":{"start":{"line":28,"column":4},"end":{"line":28,"column":43}},"12":{"start":{"line":31,"column":0},"end":{"line":31,"column":29}}},"fnMap":{"0":{"name":"(anonymous_0)","decl":{"start":{"line":9,"column":27},"end":{"line":9,"column":28}},"loc":{"start":{"line":9,"column":40},"end":{"line":15,"column":9}},"line":9},"1":{"name":"(anonymous_1)","decl":{"start":{"line":19,"column":24},"end":{"line":19,"column":25}},"loc":{"start":{"line":19,"column":33},"end":{"line":21,"column":1}},"line":19},"2":{"name":"(anonymous_2)","decl":{"start":{"line":23,"column":31},"end":{"line":23,"column":32}},"loc":{"start":{"line":23,"column":37},"end":{"line":25,"column":1}},"line":23},"3":{"name":"(anonymous_3)","decl":{"start":{"line":27,"column":26},"end":{"line":27,"column":27}},"loc":{"start":{"line":27,"column":32},"end":{"line":29,"column":1}},"line":27}},"branchMap":{"0":{"loc":{"start":{"line":10,"column":12},"end":{"line":13,"column":13}},"type":"if","locations":[{"start":{"line":10,"column":12},"end":{"line":13,"column":13}},{"start":{},"end":{}}],"line":10}},"s":{"0":1,"1":1,"2":0,"3":0,"4":0,"5":0,"6":1,"7":0,"8":1,"9":0,"10":1,"11":0,"12":1},"f":{"0":0,"1":0,"2":0,"3":0},"b":{"0":[0,0]},"_coverageSchema":"1a1c01bbd47fc00a2c39e90264f33305004495a9","hash":"64bdcad63e734ead5871d9732e144000fd65e66e"}
,"C:\\Users\\vansh\\OneDrive\\Desktop\\vaishnav\\web dev\\Major_Leetcode\\full project\\codeforge_deploy_clean\\backend\\src\\controllers\\aiAssistant.js": {"path":"C:\\Users\\vansh\\OneDrive\\Desktop\\vaishnav\\web dev\\Major_Leetcode\\full project\\codeforge_deploy_clean\\backend\\src\\controllers\\aiAssistant.js","statementMap":{"0":{"start":{"line":1,"column":16},"end":{"line":1,"column":44}},"1":{"start":{"line":3,"column":18},"end":{"line":128,"column":1}},"2":{"start":{"line":4,"column":2},"end":{"line":127,"column":3}},"3":{"start":{"line":5,"column":26},"end":{"line":5,"column":36}},"4":{"start":{"line":6,"column":43},"end":{"line":6,"column":51}},"5":{"start":{"line":8,"column":4},"end":{"line":10,"column":5}},"6":{"start":{"line":9,"column":6},"end":{"line":9,"column":73}},"7":{"start":{"line":12,"column":20},"end":{"line":12,"column":53}},"8":{"start":{"line":13,"column":4},"end":{"line":15,"column":5}},"9":{"start":{"line":14,"column":6},"end":{"line":14,"column":68}},"10":{"start":{"line":17,"column":24},"end":{"line":19,"column":88}},"11":{"start":{"line":18,"column":13},"end":{"line":18,"column":82}},"12":{"start":{"line":21,"column":23},"end":{"line":21,"column":47}},"13":{"start":{"line":22,"column":4},"end":{"line":24,"column":5}},"14":{"start":{"line":23,"column":6},"end":{"line":23,"column":95}},"15":{"start":{"line":26,"column":25},"end":{"line":60,"column":105}},"16":{"start":{"line":62,"column":22},"end":{"line":62,"column":69}},"17":{"start":{"line":64,"column":28},"end":{"line":68,"column":5}},"18":{"start":{"line":70,"column":20},"end":{"line":70,"column":24}},"19":{"start":{"line":71,"column":26},"end":{"line":71,"column":35}},"20":{"start":{"line":72,"column":20},"end":{"line":72,"column":24}},"21":{"start":{"line":74,"column":4},"end":{"line":106,"column":5}},"22":{"start":{"line":75,"column":6},"end":{"line":105,"column":7}},"23":{"start":{"line":76,"column":25},"end":{"line":91,"column":10}},"24":{"start":{"line":93,"column":21},"end":{"line":93,"column":42}},"25":{"start":{"line":94,"column":8},"end":{"line":101,"column":9}},"26":{"start":{"line":95,"column":10},"end":{"line":95,"column":54}},"27":{"start":{"line":96,"column":10},"end":{"line":96,"column":38}},"28":{"start":{"line":97,"column":10},"end":{"line":97,"column":16}},"29":{"start":{"line":98,"column":15},"end":{"line":101,"column":9}},"30":{"start":{"line":99,"column":10},"end":{"line":99,"column":41}},"31":{"start":{"line":100,"column":10},"end":{"line":100,"column":90}},"32":{"start":{"line":103,"column":8},"end":{"line":103,"column":35}},"33":{"start":{"line":104,"column":8},"end":{"line":104,"column":73}},"34":{"start":{"line":108,"column":4},"end":{"line":113,"column":5}},"35":{"start":{"line":109,"column":6},"end":{"line":112,"column":9}},"36":{"start":{"line":115,"column":4},"end":{"line":119,"column":7}},"37":{"start":{"line":122,"column":4},"end":{"line":122,"column":57}},"38":{"start":{"line":123,"column":4},"end":{"line":126,"column":7}},"39":{"start":{"line":130,"column":0},"end":{"line":130,"column":31}}},"fnMap":{"0":{"name":"(anonymous_0)","decl":{"start":{"line":3,"column":18},"end":{"line":3,"column":19}},"loc":{"start":{"line":3,"column":38},"end":{"line":128,"column":1}},"line":3},"1":{"name":"(anonymous_1)","decl":{"start":{"line":18,"column":6},"end":{"line":18,"column":7}},"loc":{"start":{"line":18,"column":13},"end":{"line":18,"column":82}},"line":18}},"branchMap":{"0":{"loc":{"start":{"line":8,"column":4},"end":{"line":10,"column":5}},"type":"if","locations":[{"start":{"line":8,"column":4},"end":{"line":10,"column":5}},{"start":{},"end":{}}],"line":8},"1":{"loc":{"start":{"line":13,"column":4},"end":{"line":15,"column":5}},"type":"if","locations":[{"start":{"line":13,"column":4},"end":{"line":15,"column":5}},{"start":{},"end":{}}],"line":13},"2":{"loc":{"start":{"line":17,"column":24},"end":{"line":19,"column":88}},"type":"binary-expr","locations":[{"start":{"line":17,"column":24},"end":{"line":19,"column":19}},{"start":{"line":19,"column":24},"end":{"line":19,"column":68}},{"start":{"line":19,"column":72},"end":{"line":19,"column":87}}],"line":17},"3":{"loc":{"start":{"line":18,"column":43},"end":{"line":18,"column":67}},"type":"binary-expr","locations":[{"start":{"line":18,"column":43},"end":{"line":18,"column":51}},{"start":{"line":18,"column":55},"end":{"line":18,"column":67}}],"line":18},"4":{"loc":{"start":{"line":22,"column":4},"end":{"line":24,"column":5}},"type":"if","locations":[{"start":{"line":22,"column":4},"end":{"line":24,"column":5}},{"start":{},"end":{}}],"line":22},"5":{"loc":{"start":{"line":34,"column":31},"end":{"line":34,"column":55}},"type":"binary-expr","locations":[{"start":{"line":34,"column":31},"end":{"line":34,"column":39}},{"start":{"line":34,"column":43},"end":{"line":34,"column":55}}],"line":34},"6":{"loc":{"start":{"line":37,"column":35},"end":{"line":37,"column":59}},"type":"binary-expr","locations":[{"start":{"line":37,"column":35},"end":{"line":37,"column":43}},{"start":{"line":37,"column":47},"end":{"line":37,"column":59}}],"line":37},"7":{"loc":{"start":{"line":38,"column":2},"end":{"line":38,"column":55}},"type":"binary-expr","locations":[{"start":{"line":38,"column":2},"end":{"line":38,"column":10}},{"start":{"line":38,"column":14},"end":{"line":38,"column":55}}],"line":38},"8":{"loc":{"start":{"line":62,"column":22},"end":{"line":62,"column":69}},"type":"binary-expr","locations":[{"start":{"line":62,"column":22},"end":{"line":62,"column":44}},{"start":{"line":62,"column":48},"end":{"line":62,"column":69}}],"line":62},"9":{"loc":{"start":{"line":86,"column":39},"end":{"line":86,"column":112}},"type":"binary-expr","locations":[{"start":{"line":86,"column":39},"end":{"line":86,"column":45}},{"start":{"line":86,"column":49},"end":{"line":86,"column":112}}],"line":86},"10":{"loc":{"start":{"line":94,"column":8},"end":{"line":101,"column":9}},"type":"if","locations":[{"start":{"line":94,"column":8},"end":{"line":101,"column":9}},{"start":{"line":98,"column":15},"end":{"line":101,"column":9}}],"line":94},"11":{"loc":{"start":{"line":98,"column":15},"end":{"line":101,"column":9}},"type":"if","locations":[{"start":{"line":98,"column":15},"end":{"line":101,"column":9}},{"start":{},"end":{}}],"line":98},"12":{"loc":{"start":{"line":108,"column":4},"end":{"line":113,"column":5}},"type":"if","locations":[{"start":{"line":108,"column":4},"end":{"line":113,"column":5}},{"start":{},"end":{}}],"line":108},"13":{"loc":{"start":{"line":111,"column":38},"end":{"line":111,"column":103}},"type":"binary-expr","locations":[{"start":{"line":111,"column":38},"end":{"line":111,"column":47}},{"start":{"line":111,"column":51},"end":{"line":111,"column":103}}],"line":111}},"s":{"0":1,"1":1,"2":0,"3":0,"4":0,"5":0,"6":0,"7":0,"8":0,"9":0,"10":0,"11":0,"12":0,"13":0,"14":0,"15":0,"16":0,"17":0,"18":0,"19":0,"20":0,"21":0,"22":0,"23":0,"24":0,"25":0,"26":0,"27":0,"28":0,"29":0,"30":0,"31":0,"32":0,"33":0,"34":0,"35":0,"36":0,"37":0,"38":0,"39":1},"f":{"0":0,"1":0},"b":{"0":[0,0],"1":[0,0],"2":[0,0,0],"3":[0,0],"4":[0,0],"5":[0,0],"6":[0,0],"7":[0,0],"8":[0,0],"9":[0,0],"10":[0,0],"11":[0,0],"12":[0,0],"13":[0,0]},"_coverageSchema":"1a1c01bbd47fc00a2c39e90264f33305004495a9","hash":"e6d0b06c9678368865683244effc23a6e4fb0eef"}
,"C:\\Users\\vansh\\OneDrive\\Desktop\\vaishnav\\web dev\\Major_Leetcode\\full project\\codeforge_deploy_clean\\backend\\src\\controllers\\userProblem.js": {"path":"C:\\Users\\vansh\\OneDrive\\Desktop\\vaishnav\\web dev\\Major_Leetcode\\full project\\codeforge_deploy_clean\\backend\\src\\controllers\\userProblem.js","statementMap":{"0":{"start":{"line":1,"column":48},"end":{"line":1,"column":82}},"1":{"start":{"line":2,"column":14},"end":{"line":2,"column":42}},"2":{"start":{"line":3,"column":13},"end":{"line":3,"column":38}},"3":{"start":{"line":4,"column":19},"end":{"line":4,"column":50}},"4":{"start":{"line":5,"column":20},"end":{"line":5,"column":46}},"5":{"start":{"line":7,"column":20},"end":{"line":80,"column":1}},"6":{"start":{"line":10,"column":6},"end":{"line":10,"column":14}},"7":{"start":{"line":11,"column":4},"end":{"line":79,"column":4}},"8":{"start":{"line":12,"column":6},"end":{"line":63,"column":5}},"9":{"start":{"line":18,"column":22},"end":{"line":18,"column":47}},"10":{"start":{"line":20,"column":24},"end":{"line":26,"column":9}},"11":{"start":{"line":20,"column":58},"end":{"line":26,"column":7}},"12":{"start":{"line":28,"column":25},"end":{"line":28,"column":55}},"13":{"start":{"line":31,"column":24},"end":{"line":31,"column":62}},"14":{"start":{"line":31,"column":50},"end":{"line":31,"column":61}},"15":{"start":{"line":35,"column":1},"end":{"line":49,"column":1}},"16":{"start":{"line":37,"column":19},"end":{"line":37,"column":49}},"17":{"start":{"line":39,"column":29},"end":{"line":41,"column":5}},"18":{"start":{"line":40,"column":15},"end":{"line":40,"column":30}},"19":{"start":{"line":43,"column":4},"end":{"line":46,"column":5}},"20":{"start":{"line":44,"column":8},"end":{"line":44,"column":41}},"21":{"start":{"line":45,"column":8},"end":{"line":45,"column":14}},"22":{"start":{"line":48,"column":4},"end":{"line":48,"column":62}},"23":{"start":{"line":48,"column":35},"end":{"line":48,"column":60}},"24":{"start":{"line":51,"column":0},"end":{"line":62,"column":1}},"25":{"start":{"line":52,"column":5},"end":{"line":55,"column":6}},"26":{"start":{"line":57,"column":4},"end":{"line":61,"column":5}},"27":{"start":{"line":58,"column":8},"end":{"line":60,"column":11}},"28":{"start":{"line":64,"column":23},"end":{"line":67,"column":6}},"29":{"start":{"line":69,"column":4},"end":{"line":71,"column":5}},"30":{"start":{"line":70,"column":6},"end":{"line":70,"column":43}},"31":{"start":{"line":73,"column":4},"end":{"line":73,"column":55}},"32":{"start":{"line":78,"column":0},"end":{"line":78,"column":40}},"33":{"start":{"line":82,"column":20},"end":{"line":157,"column":1}},"34":{"start":{"line":84,"column":11},"end":{"line":84,"column":21}},"35":{"start":{"line":87,"column":6},"end":{"line":87,"column":14}},"36":{"start":{"line":90,"column":4},"end":{"line":155,"column":5}},"37":{"start":{"line":91,"column":5},"end":{"line":93,"column":6}},"38":{"start":{"line":92,"column":4},"end":{"line":92,"column":52}},"39":{"start":{"line":94,"column":24},"end":{"line":94,"column":51}},"40":{"start":{"line":95,"column":1},"end":{"line":96,"column":62}},"41":{"start":{"line":96,"column":2},"end":{"line":96,"column":62}},"42":{"start":{"line":98,"column":6},"end":{"line":145,"column":5}},"43":{"start":{"line":104,"column":22},"end":{"line":104,"column":47}},"44":{"start":{"line":106,"column":24},"end":{"line":112,"column":9}},"45":{"start":{"line":106,"column":58},"end":{"line":112,"column":7}},"46":{"start":{"line":114,"column":25},"end":{"line":114,"column":55}},"47":{"start":{"line":117,"column":24},"end":{"line":117,"column":62}},"48":{"start":{"line":117,"column":50},"end":{"line":117,"column":61}},"49":{"start":{"line":121,"column":1},"end":{"line":135,"column":1}},"50":{"start":{"line":123,"column":19},"end":{"line":123,"column":49}},"51":{"start":{"line":125,"column":29},"end":{"line":127,"column":5}},"52":{"start":{"line":126,"column":15},"end":{"line":126,"column":30}},"53":{"start":{"line":129,"column":4},"end":{"line":132,"column":5}},"54":{"start":{"line":130,"column":8},"end":{"line":130,"column":41}},"55":{"start":{"line":131,"column":8},"end":{"line":131,"column":14}},"56":{"start":{"line":134,"column":4},"end":{"line":134,"column":62}},"57":{"start":{"line":134,"column":35},"end":{"line":134,"column":60}},"58":{"start":{"line":137,"column":0},"end":{"line":144,"column":1}},"59":{"start":{"line":139,"column":4},"end":{"line":143,"column":5}},"60":{"start":{"line":140,"column":8},"end":{"line":142,"column":11}},"61":{"start":{"line":146,"column":20},"end":{"line":146,"column":104}},"62":{"start":{"line":147,"column":2},"end":{"line":149,"column":3}},"63":{"start":{"line":148,"column":4},"end":{"line":148,"column":41}},"64":{"start":{"line":150,"column":2},"end":{"line":150,"column":34}},"65":{"start":{"line":154,"column":7},"end":{"line":154,"column":41}},"66":{"start":{"line":159,"column":20},"end":{"line":178,"column":1}},"67":{"start":{"line":160,"column":4},"end":{"line":177,"column":1}},"68":{"start":{"line":161,"column":16},"end":{"line":161,"column":26}},"69":{"start":{"line":162,"column":4},"end":{"line":163,"column":46}},"70":{"start":{"line":163,"column":1},"end":{"line":163,"column":46}},"71":{"start":{"line":164,"column":23},"end":{"line":164,"column":59}},"72":{"start":{"line":166,"column":0},"end":{"line":167,"column":50}},"73":{"start":{"line":167,"column":0},"end":{"line":167,"column":50}},"74":{"start":{"line":169,"column":0},"end":{"line":171,"column":1}},"75":{"start":{"line":170,"column":2},"end":{"line":170,"column":39}},"76":{"start":{"line":172,"column":0},"end":{"line":172,"column":45}},"77":{"start":{"line":176,"column":2},"end":{"line":176,"column":36}},"78":{"start":{"line":180,"column":21},"end":{"line":195,"column":1}},"79":{"start":{"line":181,"column":4},"end":{"line":194,"column":1}},"80":{"start":{"line":182,"column":16},"end":{"line":182,"column":26}},"81":{"start":{"line":183,"column":4},"end":{"line":184,"column":46}},"82":{"start":{"line":184,"column":1},"end":{"line":184,"column":46}},"83":{"start":{"line":185,"column":19},"end":{"line":185,"column":141}},"84":{"start":{"line":187,"column":0},"end":{"line":188,"column":50}},"85":{"start":{"line":188,"column":0},"end":{"line":188,"column":50}},"86":{"start":{"line":189,"column":0},"end":{"line":189,"column":33}},"87":{"start":{"line":193,"column":2},"end":{"line":193,"column":36}},"88":{"start":{"line":197,"column":20},"end":{"line":219,"column":1}},"89":{"start":{"line":198,"column":4},"end":{"line":218,"column":5}},"90":{"start":{"line":199,"column":25},"end":{"line":199,"column":38}},"91":{"start":{"line":200,"column":8},"end":{"line":206,"column":9}},"92":{"start":{"line":201,"column":27},"end":{"line":201,"column":58}},"93":{"start":{"line":202,"column":12},"end":{"line":205,"column":13}},"94":{"start":{"line":203,"column":16},"end":{"line":203,"column":48}},"95":{"start":{"line":204,"column":16},"end":{"line":204,"column":64}},"96":{"start":{"line":208,"column":27},"end":{"line":208,"column":85}},"97":{"start":{"line":209,"column":8},"end":{"line":211,"column":9}},"98":{"start":{"line":210,"column":12},"end":{"line":210,"column":80}},"99":{"start":{"line":213,"column":8},"end":{"line":213,"column":41}},"100":{"start":{"line":214,"column":8},"end":{"line":214,"column":47}},"101":{"start":{"line":217,"column":8},"end":{"line":217,"column":52}},"102":{"start":{"line":221,"column":29},"end":{"line":233,"column":1}},"103":{"start":{"line":222,"column":3},"end":{"line":232,"column":4}},"104":{"start":{"line":223,"column":15},"end":{"line":223,"column":28}},"105":{"start":{"line":224,"column":13},"end":{"line":227,"column":4}},"106":{"start":{"line":228,"column":2},"end":{"line":228,"column":55}},"107":{"start":{"line":231,"column":5},"end":{"line":231,"column":54}},"108":{"start":{"line":236,"column":22},"end":{"line":251,"column":1}},"109":{"start":{"line":237,"column":4},"end":{"line":250,"column":5}},"110":{"start":{"line":238,"column":17},"end":{"line":238,"column":30}},"111":{"start":{"line":239,"column":20},"end":{"line":239,"column":34}},"112":{"start":{"line":240,"column":12},"end":{"line":240,"column":53}},"113":{"start":{"line":242,"column":2},"end":{"line":244,"column":3}},"114":{"start":{"line":243,"column":4},"end":{"line":243,"column":36}},"115":{"start":{"line":245,"column":4},"end":{"line":245,"column":30}},"116":{"start":{"line":249,"column":5},"end":{"line":249,"column":65}},"117":{"start":{"line":254,"column":0},"end":{"line":254,"column":127}}},"fnMap":{"0":{"name":"(anonymous_0)","decl":{"start":{"line":7,"column":20},"end":{"line":7,"column":21}},"loc":{"start":{"line":7,"column":36},"end":{"line":80,"column":1}},"line":7},"1":{"name":"(anonymous_1)","decl":{"start":{"line":20,"column":45},"end":{"line":20,"column":46}},"loc":{"start":{"line":20,"column":58},"end":{"line":26,"column":7}},"line":20},"2":{"name":"(anonymous_2)","decl":{"start":{"line":31,"column":41},"end":{"line":31,"column":42}},"loc":{"start":{"line":31,"column":50},"end":{"line":31,"column":61}},"line":31},"3":{"name":"(anonymous_3)","decl":{"start":{"line":40,"column":8},"end":{"line":40,"column":9}},"loc":{"start":{"line":40,"column":15},"end":{"line":40,"column":30}},"line":40},"4":{"name":"(anonymous_4)","decl":{"start":{"line":48,"column":22},"end":{"line":48,"column":23}},"loc":{"start":{"line":48,"column":35},"end":{"line":48,"column":60}},"line":48},"5":{"name":"(anonymous_5)","decl":{"start":{"line":82,"column":20},"end":{"line":82,"column":21}},"loc":{"start":{"line":82,"column":36},"end":{"line":157,"column":1}},"line":82},"6":{"name":"(anonymous_6)","decl":{"start":{"line":106,"column":45},"end":{"line":106,"column":46}},"loc":{"start":{"line":106,"column":58},"end":{"line":112,"column":7}},"line":106},"7":{"name":"(anonymous_7)","decl":{"start":{"line":117,"column":41},"end":{"line":117,"column":42}},"loc":{"start":{"line":117,"column":50},"end":{"line":117,"column":61}},"line":117},"8":{"name":"(anonymous_8)","decl":{"start":{"line":126,"column":8},"end":{"line":126,"column":9}},"loc":{"start":{"line":126,"column":15},"end":{"line":126,"column":30}},"line":126},"9":{"name":"(anonymous_9)","decl":{"start":{"line":134,"column":22},"end":{"line":134,"column":23}},"loc":{"start":{"line":134,"column":35},"end":{"line":134,"column":60}},"line":134},"10":{"name":"(anonymous_10)","decl":{"start":{"line":159,"column":20},"end":{"line":159,"column":21}},"loc":{"start":{"line":159,"column":36},"end":{"line":178,"column":1}},"line":159},"11":{"name":"(anonymous_11)","decl":{"start":{"line":180,"column":21},"end":{"line":180,"column":22}},"loc":{"start":{"line":180,"column":37},"end":{"line":195,"column":1}},"line":180},"12":{"name":"(anonymous_12)","decl":{"start":{"line":197,"column":20},"end":{"line":197,"column":21}},"loc":{"start":{"line":197,"column":36},"end":{"line":219,"column":1}},"line":197},"13":{"name":"(anonymous_13)","decl":{"start":{"line":221,"column":29},"end":{"line":221,"column":30}},"loc":{"start":{"line":221,"column":45},"end":{"line":233,"column":1}},"line":221},"14":{"name":"(anonymous_14)","decl":{"start":{"line":236,"column":22},"end":{"line":236,"column":23}},"loc":{"start":{"line":236,"column":38},"end":{"line":251,"column":1}},"line":236}},"branchMap":{"0":{"loc":{"start":{"line":43,"column":4},"end":{"line":46,"column":5}},"type":"if","locations":[{"start":{"line":43,"column":4},"end":{"line":46,"column":5}},{"start":{},"end":{}}],"line":43},"1":{"loc":{"start":{"line":57,"column":4},"end":{"line":61,"column":5}},"type":"if","locations":[{"start":{"line":57,"column":4},"end":{"line":61,"column":5}},{"start":{},"end":{}}],"line":57},"2":{"loc":{"start":{"line":69,"column":4},"end":{"line":71,"column":5}},"type":"if","locations":[{"start":{"line":69,"column":4},"end":{"line":71,"column":5}},{"start":{},"end":{}}],"line":69},"3":{"loc":{"start":{"line":69,"column":8},"end":{"line":69,"column":41}},"type":"binary-expr","locations":[{"start":{"line":69,"column":8},"end":{"line":69,"column":19}},{"start":{"line":69,"column":23},"end":{"line":69,"column":41}}],"line":69},"4":{"loc":{"start":{"line":91,"column":5},"end":{"line":93,"column":6}},"type":"if","locations":[{"start":{"line":91,"column":5},"end":{"line":93,"column":6}},{"start":{},"end":{}}],"line":91},"5":{"loc":{"start":{"line":95,"column":1},"end":{"line":96,"column":62}},"type":"if","locations":[{"start":{"line":95,"column":1},"end":{"line":96,"column":62}},{"start":{},"end":{}}],"line":95},"6":{"loc":{"start":{"line":129,"column":4},"end":{"line":132,"column":5}},"type":"if","locations":[{"start":{"line":129,"column":4},"end":{"line":132,"column":5}},{"start":{},"end":{}}],"line":129},"7":{"loc":{"start":{"line":139,"column":4},"end":{"line":143,"column":5}},"type":"if","locations":[{"start":{"line":139,"column":4},"end":{"line":143,"column":5}},{"start":{},"end":{}}],"line":139},"8":{"loc":{"start":{"line":147,"column":2},"end":{"line":149,"column":3}},"type":"if","locations":[{"start":{"line":147,"column":2},"end":{"line":149,"column":3}},{"start":{},"end":{}}],"line":147},"9":{"loc":{"start":{"line":147,"column":6},"end":{"line":147,"column":39}},"type":"binary-expr","locations":[{"start":{"line":147,"column":6},"end":{"line":147,"column":17}},{"start":{"line":147,"column":21},"end":{"line":147,"column":39}}],"line":147},"10":{"loc":{"start":{"line":162,"column":4},"end":{"line":163,"column":46}},"type":"if","locations":[{"start":{"line":162,"column":4},"end":{"line":163,"column":46}},{"start":{},"end":{}}],"line":162},"11":{"loc":{"start":{"line":166,"column":0},"end":{"line":167,"column":50}},"type":"if","locations":[{"start":{"line":166,"column":0},"end":{"line":167,"column":50}},{"start":{},"end":{}}],"line":166},"12":{"loc":{"start":{"line":169,"column":0},"end":{"line":171,"column":1}},"type":"if","locations":[{"start":{"line":169,"column":0},"end":{"line":171,"column":1}},{"start":{},"end":{}}],"line":169},"13":{"loc":{"start":{"line":169,"column":4},"end":{"line":169,"column":37}},"type":"binary-expr","locations":[{"start":{"line":169,"column":4},"end":{"line":169,"column":15}},{"start":{"line":169,"column":19},"end":{"line":169,"column":37}}],"line":169},"14":{"loc":{"start":{"line":183,"column":4},"end":{"line":184,"column":46}},"type":"if","locations":[{"start":{"line":183,"column":4},"end":{"line":184,"column":46}},{"start":{},"end":{}}],"line":183},"15":{"loc":{"start":{"line":187,"column":0},"end":{"line":188,"column":50}},"type":"if","locations":[{"start":{"line":187,"column":0},"end":{"line":188,"column":50}},{"start":{},"end":{}}],"line":187},"16":{"loc":{"start":{"line":200,"column":8},"end":{"line":206,"column":9}},"type":"if","locations":[{"start":{"line":200,"column":8},"end":{"line":206,"column":9}},{"start":{},"end":{}}],"line":200},"17":{"loc":{"start":{"line":200,"column":12},"end":{"line":200,"column":45}},"type":"binary-expr","locations":[{"start":{"line":200,"column":12},"end":{"line":200,"column":23}},{"start":{"line":200,"column":27},"end":{"line":200,"column":45}}],"line":200},"18":{"loc":{"start":{"line":202,"column":12},"end":{"line":205,"column":13}},"type":"if","locations":[{"start":{"line":202,"column":12},"end":{"line":205,"column":13}},{"start":{},"end":{}}],"line":202},"19":{"loc":{"start":{"line":209,"column":8},"end":{"line":211,"column":9}},"type":"if","locations":[{"start":{"line":209,"column":8},"end":{"line":211,"column":9}},{"start":{},"end":{}}],"line":209},"20":{"loc":{"start":{"line":209,"column":12},"end":{"line":209,"column":59}},"type":"binary-expr","locations":[{"start":{"line":209,"column":12},"end":{"line":209,"column":23}},{"start":{"line":209,"column":27},"end":{"line":209,"column":45}},{"start":{"line":209,"column":49},"end":{"line":209,"column":59}}],"line":209},"21":{"loc":{"start":{"line":214,"column":29},"end":{"line":214,"column":45}},"type":"binary-expr","locations":[{"start":{"line":214,"column":29},"end":{"line":214,"column":39}},{"start":{"line":214,"column":43},"end":{"line":214,"column":45}}],"line":214},"22":{"loc":{"start":{"line":228,"column":23},"end":{"line":228,"column":53}},"type":"cond-expr","locations":[{"start":{"line":228,"column":30},"end":{"line":228,"column":48}},{"start":{"line":228,"column":51},"end":{"line":228,"column":53}}],"line":228},"23":{"loc":{"start":{"line":242,"column":2},"end":{"line":244,"column":3}},"type":"if","locations":[{"start":{"line":242,"column":2},"end":{"line":244,"column":3}},{"start":{},"end":{}}],"line":242}},"s":{"0":1,"1":1,"2":1,"3":1,"4":1,"5":1,"6":0,"7":0,"8":0,"9":0,"10":0,"11":0,"12":0,"13":0,"14":0,"15":0,"16":0,"17":0,"18":0,"19":0,"20":0,"21":0,"22":0,"23":0,"24":0,"25":0,"26":0,"27":0,"28":0,"29":0,"30":0,"31":0,"32":0,"33":1,"34":0,"35":0,"36":0,"37":0,"38":0,"39":0,"40":0,"41":0,"42":0,"43":0,"44":0,"45":0,"46":0,"47":0,"48":0,"49":0,"50":0,"51":0,"52":0,"53":0,"54":0,"55":0,"56":0,"57":0,"58":0,"59":0,"60":0,"61":0,"62":0,"63":0,"64":0,"65":0,"66":1,"67":0,"68":0,"69":0,"70":0,"71":0,"72":0,"73":0,"74":0,"75":0,"76":0,"77":0,"78":1,"79":0,"80":0,"81":0,"82":0,"83":0,"84":0,"85":0,"86":0,"87":0,"88":1,"89":0,"90":0,"91":0,"92":0,"93":0,"94":0,"95":0,"96":0,"97":0,"98":0,"99":0,"100":0,"101":0,"102":1,"103":0,"104":0,"105":0,"106":0,"107":0,"108":1,"109":0,"110":0,"111":0,"112":0,"113":0,"114":0,"115":0,"116":0,"117":1},"f":{"0":0,"1":0,"2":0,"3":0,"4":0,"5":0,"6":0,"7":0,"8":0,"9":0,"10":0,"11":0,"12":0,"13":0,"14":0},"b":{"0":[0,0],"1":[0,0],"2":[0,0],"3":[0,0],"4":[0,0],"5":[0,0],"6":[0,0],"7":[0,0],"8":[0,0],"9":[0,0],"10":[0,0],"11":[0,0],"12":[0,0],"13":[0,0],"14":[0,0],"15":[0,0],"16":[0,0],"17":[0,0],"18":[0,0],"19":[0,0],"20":[0,0,0],"21":[0,0],"22":[0,0],"23":[0,0]},"_coverageSchema":"1a1c01bbd47fc00a2c39e90264f33305004495a9","hash":"450e7d85cfb3ae551c2365a7f40844bf35ed9fa8"}
,"C:\\Users\\vansh\\OneDrive\\Desktop\\vaishnav\\web dev\\Major_Leetcode\\full project\\codeforge_deploy_clean\\backend\\src\\controllers\\userSubmission.js": {"path":"C:\\Users\\vansh\\OneDrive\\Desktop\\vaishnav\\web dev\\Major_Leetcode\\full project\\codeforge_deploy_clean\\backend\\src\\controllers\\userSubmission.js","statementMap":{"0":{"start":{"line":1,"column":14},"end":{"line":1,"column":42}},"1":{"start":{"line":2,"column":17},"end":{"line":2,"column":48}},"2":{"start":{"line":3,"column":48},"end":{"line":3,"column":82}},"3":{"start":{"line":6,"column":17},"end":{"line":128,"column":1}},"4":{"start":{"line":7,"column":0},"end":{"line":125,"column":1}},"5":{"start":{"line":8,"column":18},"end":{"line":8,"column":32}},"6":{"start":{"line":9,"column":21},"end":{"line":9,"column":35}},"7":{"start":{"line":11,"column":26},"end":{"line":11,"column":34}},"8":{"start":{"line":16,"column":5},"end":{"line":17,"column":62}},"9":{"start":{"line":17,"column":8},"end":{"line":17,"column":62}},"10":{"start":{"line":20,"column":19},"end":{"line":20,"column":52}},"11":{"start":{"line":23,"column":26},"end":{"line":30,"column":6}},"12":{"start":{"line":33,"column":19},"end":{"line":33,"column":44}},"13":{"start":{"line":34,"column":20},"end":{"line":40,"column":9}},"14":{"start":{"line":34,"column":61},"end":{"line":40,"column":7}},"15":{"start":{"line":42,"column":25},"end":{"line":42,"column":55}},"16":{"start":{"line":44,"column":20},"end":{"line":44,"column":58}},"17":{"start":{"line":44,"column":46},"end":{"line":44,"column":57}},"18":{"start":{"line":48,"column":18},"end":{"line":48,"column":19}},"19":{"start":{"line":49,"column":3},"end":{"line":60,"column":4}},"20":{"start":{"line":50,"column":21},"end":{"line":50,"column":51}},"21":{"start":{"line":51,"column":31},"end":{"line":53,"column":7}},"22":{"start":{"line":52,"column":17},"end":{"line":52,"column":44}},"23":{"start":{"line":54,"column":6},"end":{"line":57,"column":7}},"24":{"start":{"line":55,"column":10},"end":{"line":55,"column":43}},"25":{"start":{"line":56,"column":10},"end":{"line":56,"column":16}},"26":{"start":{"line":58,"column":6},"end":{"line":58,"column":17}},"27":{"start":{"line":59,"column":6},"end":{"line":59,"column":64}},"28":{"start":{"line":59,"column":37},"end":{"line":59,"column":62}},"29":{"start":{"line":62,"column":3},"end":{"line":64,"column":4}},"30":{"start":{"line":63,"column":6},"end":{"line":63,"column":69}},"31":{"start":{"line":67,"column":22},"end":{"line":67,"column":23}},"32":{"start":{"line":68,"column":14},"end":{"line":68,"column":15}},"33":{"start":{"line":69,"column":13},"end":{"line":69,"column":14}},"34":{"start":{"line":70,"column":13},"end":{"line":70,"column":23}},"35":{"start":{"line":71,"column":19},"end":{"line":71,"column":23}},"36":{"start":{"line":72,"column":18},"end":{"line":72,"column":22}},"37":{"start":{"line":73,"column":2},"end":{"line":90,"column":3}},"38":{"start":{"line":74,"column":4},"end":{"line":89,"column":5}},"39":{"start":{"line":75,"column":6},"end":{"line":75,"column":24}},"40":{"start":{"line":76,"column":6},"end":{"line":76,"column":55}},"41":{"start":{"line":77,"column":6},"end":{"line":77,"column":50}},"42":{"start":{"line":79,"column":22},"end":{"line":79,"column":83}},"43":{"start":{"line":80,"column":6},"end":{"line":80,"column":43}},"44":{"start":{"line":81,"column":6},"end":{"line":81,"column":94}},"45":{"start":{"line":82,"column":6},"end":{"line":88,"column":7}},"46":{"start":{"line":83,"column":8},"end":{"line":87,"column":10}},"47":{"start":{"line":94,"column":2},"end":{"line":94,"column":32}},"48":{"start":{"line":95,"column":2},"end":{"line":95,"column":50}},"49":{"start":{"line":96,"column":2},"end":{"line":96,"column":44}},"50":{"start":{"line":97,"column":2},"end":{"line":97,"column":34}},"51":{"start":{"line":98,"column":2},"end":{"line":98,"column":32}},"52":{"start":{"line":100,"column":2},"end":{"line":100,"column":31}},"53":{"start":{"line":102,"column":2},"end":{"line":105,"column":3}},"54":{"start":{"line":103,"column":4},"end":{"line":103,"column":45}},"55":{"start":{"line":104,"column":4},"end":{"line":104,"column":28}},"56":{"start":{"line":106,"column":18},"end":{"line":106,"column":36}},"57":{"start":{"line":107,"column":2},"end":{"line":115,"column":5}},"58":{"start":{"line":118,"column":4},"end":{"line":118,"column":40}},"59":{"start":{"line":119,"column":4},"end":{"line":124,"column":7}},"60":{"start":{"line":130,"column":14},"end":{"line":203,"column":1}},"61":{"start":{"line":131,"column":2},"end":{"line":202,"column":1}},"62":{"start":{"line":132,"column":18},"end":{"line":132,"column":32}},"63":{"start":{"line":133,"column":21},"end":{"line":133,"column":35}},"64":{"start":{"line":135,"column":38},"end":{"line":135,"column":46}},"65":{"start":{"line":140,"column":5},"end":{"line":141,"column":62}},"66":{"start":{"line":141,"column":8},"end":{"line":141,"column":62}},"67":{"start":{"line":144,"column":19},"end":{"line":144,"column":52}},"68":{"start":{"line":149,"column":19},"end":{"line":149,"column":44}},"69":{"start":{"line":151,"column":2},"end":{"line":165,"column":3}},"70":{"start":{"line":152,"column":4},"end":{"line":157,"column":7}},"71":{"start":{"line":159,"column":4},"end":{"line":164,"column":8}},"72":{"start":{"line":159,"column":62},"end":{"line":164,"column":5}},"73":{"start":{"line":167,"column":25},"end":{"line":167,"column":55}},"74":{"start":{"line":169,"column":20},"end":{"line":169,"column":58}},"75":{"start":{"line":169,"column":46},"end":{"line":169,"column":57}},"76":{"start":{"line":173,"column":18},"end":{"line":173,"column":19}},"77":{"start":{"line":174,"column":3},"end":{"line":185,"column":4}},"78":{"start":{"line":175,"column":21},"end":{"line":175,"column":51}},"79":{"start":{"line":176,"column":31},"end":{"line":178,"column":7}},"80":{"start":{"line":177,"column":17},"end":{"line":177,"column":44}},"81":{"start":{"line":179,"column":6},"end":{"line":182,"column":7}},"82":{"start":{"line":180,"column":10},"end":{"line":180,"column":43}},"83":{"start":{"line":181,"column":10},"end":{"line":181,"column":16}},"84":{"start":{"line":183,"column":6},"end":{"line":183,"column":17}},"85":{"start":{"line":184,"column":6},"end":{"line":184,"column":64}},"86":{"start":{"line":184,"column":37},"end":{"line":184,"column":62}},"87":{"start":{"line":187,"column":3},"end":{"line":189,"column":4}},"88":{"start":{"line":188,"column":6},"end":{"line":188,"column":69}},"89":{"start":{"line":194,"column":2},"end":{"line":194,"column":36}},"90":{"start":{"line":197,"column":4},"end":{"line":197,"column":42}},"91":{"start":{"line":198,"column":4},"end":{"line":201,"column":7}},"92":{"start":{"line":206,"column":0},"end":{"line":206,"column":36}}},"fnMap":{"0":{"name":"(anonymous_0)","decl":{"start":{"line":6,"column":17},"end":{"line":6,"column":18}},"loc":{"start":{"line":6,"column":33},"end":{"line":128,"column":1}},"line":6},"1":{"name":"(anonymous_1)","decl":{"start":{"line":34,"column":48},"end":{"line":34,"column":49}},"loc":{"start":{"line":34,"column":61},"end":{"line":40,"column":7}},"line":34},"2":{"name":"(anonymous_2)","decl":{"start":{"line":44,"column":37},"end":{"line":44,"column":38}},"loc":{"start":{"line":44,"column":46},"end":{"line":44,"column":57}},"line":44},"3":{"name":"(anonymous_3)","decl":{"start":{"line":52,"column":10},"end":{"line":52,"column":11}},"loc":{"start":{"line":52,"column":17},"end":{"line":52,"column":44}},"line":52},"4":{"name":"(anonymous_4)","decl":{"start":{"line":59,"column":24},"end":{"line":59,"column":25}},"loc":{"start":{"line":59,"column":37},"end":{"line":59,"column":62}},"line":59},"5":{"name":"(anonymous_5)","decl":{"start":{"line":130,"column":14},"end":{"line":130,"column":15}},"loc":{"start":{"line":130,"column":30},"end":{"line":203,"column":1}},"line":130},"6":{"name":"(anonymous_6)","decl":{"start":{"line":159,"column":47},"end":{"line":159,"column":48}},"loc":{"start":{"line":159,"column":62},"end":{"line":164,"column":5}},"line":159},"7":{"name":"(anonymous_7)","decl":{"start":{"line":169,"column":37},"end":{"line":169,"column":38}},"loc":{"start":{"line":169,"column":46},"end":{"line":169,"column":57}},"line":169},"8":{"name":"(anonymous_8)","decl":{"start":{"line":177,"column":10},"end":{"line":177,"column":11}},"loc":{"start":{"line":177,"column":17},"end":{"line":177,"column":44}},"line":177},"9":{"name":"(anonymous_9)","decl":{"start":{"line":184,"column":24},"end":{"line":184,"column":25}},"loc":{"start":{"line":184,"column":37},"end":{"line":184,"column":62}},"line":184}},"branchMap":{"0":{"loc":{"start":{"line":16,"column":5},"end":{"line":17,"column":62}},"type":"if","locations":[{"start":{"line":16,"column":5},"end":{"line":17,"column":62}},{"start":{},"end":{}}],"line":16},"1":{"loc":{"start":{"line":16,"column":8},"end":{"line":16,"column":45}},"type":"binary-expr","locations":[{"start":{"line":16,"column":8},"end":{"line":16,"column":15}},{"start":{"line":16,"column":17},"end":{"line":16,"column":22}},{"start":{"line":16,"column":24},"end":{"line":16,"column":34}},{"start":{"line":16,"column":36},"end":{"line":16,"column":45}}],"line":16},"2":{"loc":{"start":{"line":52,"column":17},"end":{"line":52,"column":44}},"type":"binary-expr","locations":[{"start":{"line":52,"column":17},"end":{"line":52,"column":25}},{"start":{"line":52,"column":29},"end":{"line":52,"column":44}}],"line":52},"3":{"loc":{"start":{"line":54,"column":6},"end":{"line":57,"column":7}},"type":"if","locations":[{"start":{"line":54,"column":6},"end":{"line":57,"column":7}},{"start":{},"end":{}}],"line":54},"4":{"loc":{"start":{"line":62,"column":3},"end":{"line":64,"column":4}},"type":"if","locations":[{"start":{"line":62,"column":3},"end":{"line":64,"column":4}},{"start":{},"end":{}}],"line":62},"5":{"loc":{"start":{"line":74,"column":4},"end":{"line":89,"column":5}},"type":"if","locations":[{"start":{"line":74,"column":4},"end":{"line":89,"column":5}},{"start":{"line":78,"column":11},"end":{"line":89,"column":5}}],"line":74},"6":{"loc":{"start":{"line":74,"column":7},"end":{"line":74,"column":41}},"type":"binary-expr","locations":[{"start":{"line":74,"column":7},"end":{"line":74,"column":18}},{"start":{"line":74,"column":22},"end":{"line":74,"column":41}}],"line":74},"7":{"loc":{"start":{"line":76,"column":27},"end":{"line":76,"column":53}},"type":"binary-expr","locations":[{"start":{"line":76,"column":27},"end":{"line":76,"column":48}},{"start":{"line":76,"column":52},"end":{"line":76,"column":53}}],"line":76},"8":{"loc":{"start":{"line":77,"column":32},"end":{"line":77,"column":48}},"type":"binary-expr","locations":[{"start":{"line":77,"column":32},"end":{"line":77,"column":43}},{"start":{"line":77,"column":47},"end":{"line":77,"column":48}}],"line":77},"9":{"loc":{"start":{"line":79,"column":22},"end":{"line":79,"column":83}},"type":"binary-expr","locations":[{"start":{"line":79,"column":22},"end":{"line":79,"column":33}},{"start":{"line":79,"column":38},"end":{"line":79,"column":58}},{"start":{"line":79,"column":62},"end":{"line":79,"column":82}}],"line":79},"10":{"loc":{"start":{"line":80,"column":15},"end":{"line":80,"column":42}},"type":"cond-expr","locations":[{"start":{"line":80,"column":25},"end":{"line":80,"column":32}},{"start":{"line":80,"column":35},"end":{"line":80,"column":42}}],"line":80},"11":{"loc":{"start":{"line":81,"column":21},"end":{"line":81,"column":93}},"type":"binary-expr","locations":[{"start":{"line":81,"column":21},"end":{"line":81,"column":32}},{"start":{"line":81,"column":36},"end":{"line":81,"column":55}},{"start":{"line":81,"column":59},"end":{"line":81,"column":71}},{"start":{"line":81,"column":75},"end":{"line":81,"column":93}}],"line":81},"12":{"loc":{"start":{"line":82,"column":6},"end":{"line":88,"column":7}},"type":"if","locations":[{"start":{"line":82,"column":6},"end":{"line":88,"column":7}},{"start":{},"end":{}}],"line":82},"13":{"loc":{"start":{"line":86,"column":18},"end":{"line":86,"column":73}},"type":"binary-expr","locations":[{"start":{"line":86,"column":18},"end":{"line":86,"column":29}},{"start":{"line":86,"column":33},"end":{"line":86,"column":44}},{"start":{"line":86,"column":48},"end":{"line":86,"column":67}},{"start":{"line":86,"column":71},"end":{"line":86,"column":73}}],"line":86},"14":{"loc":{"start":{"line":102,"column":2},"end":{"line":105,"column":3}},"type":"if","locations":[{"start":{"line":102,"column":2},"end":{"line":105,"column":3}},{"start":{},"end":{}}],"line":102},"15":{"loc":{"start":{"line":102,"column":5},"end":{"line":102,"column":75}},"type":"binary-expr","locations":[{"start":{"line":102,"column":5},"end":{"line":102,"column":26}},{"start":{"line":102,"column":30},"end":{"line":102,"column":75}}],"line":102},"16":{"loc":{"start":{"line":123,"column":45},"end":{"line":123,"column":147}},"type":"binary-expr","locations":[{"start":{"line":123,"column":45},"end":{"line":123,"column":56}},{"start":{"line":123,"column":60},"end":{"line":123,"column":147}}],"line":123},"17":{"loc":{"start":{"line":140,"column":5},"end":{"line":141,"column":62}},"type":"if","locations":[{"start":{"line":140,"column":5},"end":{"line":141,"column":62}},{"start":{},"end":{}}],"line":140},"18":{"loc":{"start":{"line":140,"column":8},"end":{"line":140,"column":45}},"type":"binary-expr","locations":[{"start":{"line":140,"column":8},"end":{"line":140,"column":15}},{"start":{"line":140,"column":17},"end":{"line":140,"column":22}},{"start":{"line":140,"column":24},"end":{"line":140,"column":34}},{"start":{"line":140,"column":36},"end":{"line":140,"column":45}}],"line":140},"19":{"loc":{"start":{"line":151,"column":2},"end":{"line":165,"column":3}},"type":"if","locations":[{"start":{"line":151,"column":2},"end":{"line":165,"column":3}},{"start":{"line":158,"column":9},"end":{"line":165,"column":3}}],"line":151},"20":{"loc":{"start":{"line":151,"column":6},"end":{"line":151,"column":60}},"type":"binary-expr","locations":[{"start":{"line":151,"column":6},"end":{"line":151,"column":31}},{"start":{"line":151,"column":35},"end":{"line":151,"column":60}}],"line":151},"21":{"loc":{"start":{"line":177,"column":17},"end":{"line":177,"column":44}},"type":"binary-expr","locations":[{"start":{"line":177,"column":17},"end":{"line":177,"column":25}},{"start":{"line":177,"column":29},"end":{"line":177,"column":44}}],"line":177},"22":{"loc":{"start":{"line":179,"column":6},"end":{"line":182,"column":7}},"type":"if","locations":[{"start":{"line":179,"column":6},"end":{"line":182,"column":7}},{"start":{},"end":{}}],"line":179},"23":{"loc":{"start":{"line":187,"column":3},"end":{"line":189,"column":4}},"type":"if","locations":[{"start":{"line":187,"column":3},"end":{"line":189,"column":4}},{"start":{},"end":{}}],"line":187},"24":{"loc":{"start":{"line":200,"column":38},"end":{"line":200,"column":140}},"type":"binary-expr","locations":[{"start":{"line":200,"column":38},"end":{"line":200,"column":49}},{"start":{"line":200,"column":53},"end":{"line":200,"column":140}}],"line":200}},"s":{"0":1,"1":1,"2":1,"3":1,"4":0,"5":0,"6":0,"7":0,"8":0,"9":0,"10":0,"11":0,"12":0,"13":0,"14":0,"15":0,"16":0,"17":0,"18":0,"19":0,"20":0,"21":0,"22":0,"23":0,"24":0,"25":0,"26":0,"27":0,"28":0,"29":0,"30":0,"31":0,"32":0,"33":0,"34":0,"35":0,"36":0,"37":0,"38":0,"39":0,"40":0,"41":0,"42":0,"43":0,"44":0,"45":0,"46":0,"47":0,"48":0,"49":0,"50":0,"51":0,"52":0,"53":0,"54":0,"55":0,"56":0,"57":0,"58":0,"59":0,"60":1,"61":0,"62":0,"63":0,"64":0,"65":0,"66":0,"67":0,"68":0,"69":0,"70":0,"71":0,"72":0,"73":0,"74":0,"75":0,"76":0,"77":0,"78":0,"79":0,"80":0,"81":0,"82":0,"83":0,"84":0,"85":0,"86":0,"87":0,"88":0,"89":0,"90":0,"91":0,"92":1},"f":{"0":0,"1":0,"2":0,"3":0,"4":0,"5":0,"6":0,"7":0,"8":0,"9":0},"b":{"0":[0,0],"1":[0,0,0,0],"2":[0,0],"3":[0,0],"4":[0,0],"5":[0,0],"6":[0,0],"7":[0,0],"8":[0,0],"9":[0,0,0],"10":[0,0],"11":[0,0,0,0],"12":[0,0],"13":[0,0,0,0],"14":[0,0],"15":[0,0],"16":[0,0],"17":[0,0],"18":[0,0,0,0],"19":[0,0],"20":[0,0],"21":[0,0],"22":[0,0],"23":[0,0],"24":[0,0]},"_coverageSchema":"1a1c01bbd47fc00a2c39e90264f33305004495a9","hash":"50ff591e641b643f135c1bde1a54522b2633603d"}
,"C:\\Users\\vansh\\OneDrive\\Desktop\\vaishnav\\web dev\\Major_Leetcode\\full project\\codeforge_deploy_clean\\backend\\src\\controllers\\userauthenticate.js": {"path":"C:\\Users\\vansh\\OneDrive\\Desktop\\vaishnav\\web dev\\Major_Leetcode\\full project\\codeforge_deploy_clean\\backend\\src\\controllers\\userauthenticate.js","statementMap":{"0":{"start":{"line":1,"column":11},"end":{"line":1,"column":36}},"1":{"start":{"line":2,"column":15},"end":{"line":2,"column":44}},"2":{"start":{"line":3,"column":14},"end":{"line":3,"column":31}},"3":{"start":{"line":4,"column":10},"end":{"line":4,"column":33}},"4":{"start":{"line":5,"column":18},"end":{"line":5,"column":44}},"5":{"start":{"line":6,"column":18},"end":{"line":6,"column":49}},"6":{"start":{"line":9,"column":15},"end":{"line":47,"column":1}},"7":{"start":{"line":10,"column":0},"end":{"line":46,"column":1}},"8":{"start":{"line":12,"column":4},"end":{"line":12,"column":23}},"9":{"start":{"line":14,"column":36},"end":{"line":14,"column":44}},"10":{"start":{"line":16,"column":1},"end":{"line":16,"column":50}},"11":{"start":{"line":17,"column":1},"end":{"line":17,"column":21}},"12":{"start":{"line":19,"column":12},"end":{"line":19,"column":39}},"13":{"start":{"line":21,"column":13},"end":{"line":21,"column":103}},"14":{"start":{"line":22,"column":13},"end":{"line":26,"column":5}},"15":{"start":{"line":27,"column":23},"end":{"line":32,"column":2}},"16":{"start":{"line":34,"column":1},"end":{"line":34,"column":43}},"17":{"start":{"line":35,"column":1},"end":{"line":39,"column":4}},"18":{"start":{"line":42,"column":4},"end":{"line":42,"column":40}},"19":{"start":{"line":43,"column":2},"end":{"line":45,"column":3}},"20":{"start":{"line":49,"column":12},"end":{"line":89,"column":1}},"21":{"start":{"line":50,"column":4},"end":{"line":88,"column":5}},"22":{"start":{"line":51,"column":33},"end":{"line":51,"column":41}},"23":{"start":{"line":53,"column":8},"end":{"line":54,"column":50}},"24":{"start":{"line":54,"column":12},"end":{"line":54,"column":50}},"25":{"start":{"line":55,"column":8},"end":{"line":56,"column":51}},"26":{"start":{"line":56,"column":12},"end":{"line":56,"column":51}},"27":{"start":{"line":57,"column":19},"end":{"line":57,"column":48}},"28":{"start":{"line":58,"column":7},"end":{"line":59,"column":47}},"29":{"start":{"line":59,"column":8},"end":{"line":59,"column":47}},"30":{"start":{"line":60,"column":16},"end":{"line":60,"column":60}},"31":{"start":{"line":62,"column":4},"end":{"line":63,"column":47}},"32":{"start":{"line":63,"column":8},"end":{"line":63,"column":47}},"33":{"start":{"line":65,"column":16},"end":{"line":70,"column":5}},"34":{"start":{"line":72,"column":16},"end":{"line":72,"column":109}},"35":{"start":{"line":73,"column":26},"end":{"line":78,"column":5}},"36":{"start":{"line":79,"column":4},"end":{"line":79,"column":46}},"37":{"start":{"line":80,"column":4},"end":{"line":84,"column":7}},"38":{"start":{"line":87,"column":7},"end":{"line":87,"column":81}},"39":{"start":{"line":91,"column":13},"end":{"line":118,"column":1}},"40":{"start":{"line":92,"column":4},"end":{"line":117,"column":5}},"41":{"start":{"line":93,"column":20},"end":{"line":93,"column":38}},"42":{"start":{"line":94,"column":8},"end":{"line":99,"column":9}},"43":{"start":{"line":95,"column":26},"end":{"line":95,"column":62}},"44":{"start":{"line":96,"column":12},"end":{"line":98,"column":13}},"45":{"start":{"line":97,"column":16},"end":{"line":97,"column":33}},"46":{"start":{"line":100,"column":8},"end":{"line":106,"column":9}},"47":{"start":{"line":101,"column":28},"end":{"line":101,"column":45}},"48":{"start":{"line":102,"column":12},"end":{"line":105,"column":13}},"49":{"start":{"line":103,"column":16},"end":{"line":103,"column":83}},"50":{"start":{"line":104,"column":16},"end":{"line":104,"column":90}},"51":{"start":{"line":107,"column":8},"end":{"line":112,"column":11}},"52":{"start":{"line":113,"column":8},"end":{"line":113,"column":69}},"53":{"start":{"line":116,"column":8},"end":{"line":116,"column":56}},"54":{"start":{"line":120,"column":20},"end":{"line":140,"column":1}},"55":{"start":{"line":122,"column":4},"end":{"line":139,"column":1}},"56":{"start":{"line":124,"column":4},"end":{"line":124,"column":23}},"57":{"start":{"line":126,"column":36},"end":{"line":126,"column":44}},"58":{"start":{"line":128,"column":1},"end":{"line":128,"column":50}},"59":{"start":{"line":131,"column":12},"end":{"line":131,"column":39}},"60":{"start":{"line":133,"column":13},"end":{"line":133,"column":106}},"61":{"start":{"line":134,"column":1},"end":{"line":134,"column":46}},"62":{"start":{"line":135,"column":1},"end":{"line":135,"column":55}},"63":{"start":{"line":138,"column":3},"end":{"line":138,"column":38}},"64":{"start":{"line":142,"column":21},"end":{"line":153,"column":1}},"65":{"start":{"line":143,"column":4},"end":{"line":152,"column":4}},"66":{"start":{"line":144,"column":19},"end":{"line":144,"column":32}},"67":{"start":{"line":146,"column":6},"end":{"line":146,"column":43}},"68":{"start":{"line":148,"column":7},"end":{"line":148,"column":52}},"69":{"start":{"line":151,"column":3},"end":{"line":151,"column":53}},"70":{"start":{"line":156,"column":0},"end":{"line":156,"column":67}}},"fnMap":{"0":{"name":"(anonymous_0)","decl":{"start":{"line":9,"column":15},"end":{"line":9,"column":16}},"loc":{"start":{"line":9,"column":31},"end":{"line":47,"column":1}},"line":9},"1":{"name":"(anonymous_1)","decl":{"start":{"line":49,"column":12},"end":{"line":49,"column":13}},"loc":{"start":{"line":49,"column":28},"end":{"line":89,"column":1}},"line":49},"2":{"name":"(anonymous_2)","decl":{"start":{"line":91,"column":13},"end":{"line":91,"column":14}},"loc":{"start":{"line":91,"column":29},"end":{"line":118,"column":1}},"line":91},"3":{"name":"(anonymous_3)","decl":{"start":{"line":103,"column":73},"end":{"line":103,"column":74}},"loc":{"start":{"line":103,"column":79},"end":{"line":103,"column":81}},"line":103},"4":{"name":"(anonymous_4)","decl":{"start":{"line":104,"column":80},"end":{"line":104,"column":81}},"loc":{"start":{"line":104,"column":86},"end":{"line":104,"column":88}},"line":104},"5":{"name":"(anonymous_5)","decl":{"start":{"line":120,"column":20},"end":{"line":120,"column":21}},"loc":{"start":{"line":120,"column":36},"end":{"line":140,"column":1}},"line":120},"6":{"name":"(anonymous_6)","decl":{"start":{"line":142,"column":21},"end":{"line":142,"column":22}},"loc":{"start":{"line":142,"column":38},"end":{"line":153,"column":1}},"line":142}},"branchMap":{"0":{"loc":{"start":{"line":30,"column":13},"end":{"line":30,"column":67}},"type":"cond-expr","locations":[{"start":{"line":30,"column":53},"end":{"line":30,"column":59}},{"start":{"line":30,"column":62},"end":{"line":30,"column":67}}],"line":30},"1":{"loc":{"start":{"line":53,"column":8},"end":{"line":54,"column":50}},"type":"if","locations":[{"start":{"line":53,"column":8},"end":{"line":54,"column":50}},{"start":{},"end":{}}],"line":53},"2":{"loc":{"start":{"line":55,"column":8},"end":{"line":56,"column":51}},"type":"if","locations":[{"start":{"line":55,"column":8},"end":{"line":56,"column":51}},{"start":{},"end":{}}],"line":55},"3":{"loc":{"start":{"line":58,"column":7},"end":{"line":59,"column":47}},"type":"if","locations":[{"start":{"line":58,"column":7},"end":{"line":59,"column":47}},{"start":{},"end":{}}],"line":58},"4":{"loc":{"start":{"line":62,"column":4},"end":{"line":63,"column":47}},"type":"if","locations":[{"start":{"line":62,"column":4},"end":{"line":63,"column":47}},{"start":{},"end":{}}],"line":62},"5":{"loc":{"start":{"line":76,"column":18},"end":{"line":76,"column":72}},"type":"cond-expr","locations":[{"start":{"line":76,"column":58},"end":{"line":76,"column":64}},{"start":{"line":76,"column":67},"end":{"line":76,"column":72}}],"line":76},"6":{"loc":{"start":{"line":87,"column":39},"end":{"line":87,"column":77}},"type":"binary-expr","locations":[{"start":{"line":87,"column":39},"end":{"line":87,"column":50}},{"start":{"line":87,"column":54},"end":{"line":87,"column":77}}],"line":87},"7":{"loc":{"start":{"line":94,"column":8},"end":{"line":99,"column":9}},"type":"if","locations":[{"start":{"line":94,"column":8},"end":{"line":99,"column":9}},{"start":{},"end":{}}],"line":94},"8":{"loc":{"start":{"line":94,"column":12},"end":{"line":94,"column":47}},"type":"binary-expr","locations":[{"start":{"line":94,"column":12},"end":{"line":94,"column":18}},{"start":{"line":94,"column":22},"end":{"line":94,"column":47}}],"line":94},"9":{"loc":{"start":{"line":96,"column":12},"end":{"line":98,"column":13}},"type":"if","locations":[{"start":{"line":96,"column":12},"end":{"line":98,"column":13}},{"start":{},"end":{}}],"line":96},"10":{"loc":{"start":{"line":96,"column":16},"end":{"line":96,"column":59}},"type":"binary-expr","locations":[{"start":{"line":96,"column":16},"end":{"line":96,"column":34}},{"start":{"line":96,"column":38},"end":{"line":96,"column":59}}],"line":96},"11":{"loc":{"start":{"line":100,"column":8},"end":{"line":106,"column":9}},"type":"if","locations":[{"start":{"line":100,"column":8},"end":{"line":106,"column":9}},{"start":{},"end":{}}],"line":100},"12":{"loc":{"start":{"line":102,"column":12},"end":{"line":105,"column":13}},"type":"if","locations":[{"start":{"line":102,"column":12},"end":{"line":105,"column":13}},{"start":{},"end":{}}],"line":102},"13":{"loc":{"start":{"line":102,"column":16},"end":{"line":102,"column":75}},"type":"binary-expr","locations":[{"start":{"line":102,"column":16},"end":{"line":102,"column":23}},{"start":{"line":102,"column":27},"end":{"line":102,"column":38}},{"start":{"line":102,"column":42},"end":{"line":102,"column":53}},{"start":{"line":102,"column":57},"end":{"line":102,"column":75}}],"line":102},"14":{"loc":{"start":{"line":110,"column":22},"end":{"line":110,"column":76}},"type":"cond-expr","locations":[{"start":{"line":110,"column":62},"end":{"line":110,"column":68}},{"start":{"line":110,"column":71},"end":{"line":110,"column":76}}],"line":110}},"s":{"0":1,"1":1,"2":1,"3":1,"4":1,"5":1,"6":1,"7":1,"8":1,"9":0,"10":0,"11":0,"12":0,"13":0,"14":0,"15":0,"16":0,"17":0,"18":1,"19":1,"20":1,"21":2,"22":2,"23":2,"24":1,"25":1,"26":1,"27":0,"28":0,"29":0,"30":0,"31":0,"32":0,"33":0,"34":0,"35":0,"36":0,"37":0,"38":2,"39":1,"40":0,"41":0,"42":0,"43":0,"44":0,"45":0,"46":0,"47":0,"48":0,"49":0,"50":0,"51":0,"52":0,"53":0,"54":1,"55":0,"56":0,"57":0,"58":0,"59":0,"60":0,"61":0,"62":0,"63":0,"64":1,"65":0,"66":0,"67":0,"68":0,"69":0,"70":1},"f":{"0":1,"1":2,"2":0,"3":0,"4":0,"5":0,"6":0},"b":{"0":[0,0],"1":[1,1],"2":[1,0],"3":[0,0],"4":[0,0],"5":[0,0],"6":[2,0],"7":[0,0],"8":[0,0],"9":[0,0],"10":[0,0],"11":[0,0],"12":[0,0],"13":[0,0,0,0],"14":[0,0]},"_coverageSchema":"1a1c01bbd47fc00a2c39e90264f33305004495a9","hash":"1d2ef6880f77b7eaa98eb00579622a6e88e5834e"}
,"C:\\Users\\vansh\\OneDrive\\Desktop\\vaishnav\\web dev\\Major_Leetcode\\full project\\codeforge_deploy_clean\\backend\\src\\middleware\\adminmiddleware.js": {"path":"C:\\Users\\vansh\\OneDrive\\Desktop\\vaishnav\\web dev\\Major_Leetcode\\full project\\codeforge_deploy_clean\\backend\\src\\middleware\\adminmiddleware.js","statementMap":{"0":{"start":{"line":1,"column":10},"end":{"line":1,"column":33}},"1":{"start":{"line":2,"column":11},"end":{"line":2,"column":36}},"2":{"start":{"line":3,"column":18},"end":{"line":3,"column":44}},"3":{"start":{"line":6,"column":22},"end":{"line":43,"column":1}},"4":{"start":{"line":7,"column":6},"end":{"line":42,"column":7}},"5":{"start":{"line":8,"column":20},"end":{"line":8,"column":38}},"6":{"start":{"line":9,"column":8},"end":{"line":14,"column":9}},"7":{"start":{"line":10,"column":24},"end":{"line":10,"column":60}},"8":{"start":{"line":11,"column":10},"end":{"line":13,"column":11}},"9":{"start":{"line":12,"column":12},"end":{"line":12,"column":29}},"10":{"start":{"line":15,"column":8},"end":{"line":16,"column":53}},"11":{"start":{"line":16,"column":12},"end":{"line":16,"column":53}},"12":{"start":{"line":17,"column":22},"end":{"line":17,"column":59}},"13":{"start":{"line":18,"column":19},"end":{"line":18,"column":26}},"14":{"start":{"line":20,"column":8},"end":{"line":21,"column":46}},"15":{"start":{"line":21,"column":12},"end":{"line":21,"column":46}},"16":{"start":{"line":22,"column":22},"end":{"line":22,"column":46}},"17":{"start":{"line":24,"column":8},"end":{"line":25,"column":44}},"18":{"start":{"line":25,"column":12},"end":{"line":25,"column":44}},"19":{"start":{"line":27,"column":8},"end":{"line":29,"column":9}},"20":{"start":{"line":28,"column":12},"end":{"line":28,"column":51}},"21":{"start":{"line":32,"column":26},"end":{"line":32,"column":68}},"22":{"start":{"line":33,"column":8},"end":{"line":35,"column":9}},"23":{"start":{"line":34,"column":12},"end":{"line":34,"column":89}},"24":{"start":{"line":37,"column":8},"end":{"line":37,"column":28}},"25":{"start":{"line":38,"column":8},"end":{"line":38,"column":15}},"26":{"start":{"line":41,"column":8},"end":{"line":41,"column":105}},"27":{"start":{"line":44,"column":0},"end":{"line":44,"column":31}}},"fnMap":{"0":{"name":"(anonymous_0)","decl":{"start":{"line":6,"column":22},"end":{"line":6,"column":23}},"loc":{"start":{"line":6,"column":43},"end":{"line":43,"column":1}},"line":6}},"branchMap":{"0":{"loc":{"start":{"line":9,"column":8},"end":{"line":14,"column":9}},"type":"if","locations":[{"start":{"line":9,"column":8},"end":{"line":14,"column":9}},{"start":{},"end":{}}],"line":9},"1":{"loc":{"start":{"line":9,"column":12},"end":{"line":9,"column":47}},"type":"binary-expr","locations":[{"start":{"line":9,"column":12},"end":{"line":9,"column":18}},{"start":{"line":9,"column":22},"end":{"line":9,"column":47}}],"line":9},"2":{"loc":{"start":{"line":11,"column":10},"end":{"line":13,"column":11}},"type":"if","locations":[{"start":{"line":11,"column":10},"end":{"line":13,"column":11}},{"start":{},"end":{}}],"line":11},"3":{"loc":{"start":{"line":11,"column":14},"end":{"line":11,"column":57}},"type":"binary-expr","locations":[{"start":{"line":11,"column":14},"end":{"line":11,"column":32}},{"start":{"line":11,"column":36},"end":{"line":11,"column":57}}],"line":11},"4":{"loc":{"start":{"line":15,"column":8},"end":{"line":16,"column":53}},"type":"if","locations":[{"start":{"line":15,"column":8},"end":{"line":16,"column":53}},{"start":{},"end":{}}],"line":15},"5":{"loc":{"start":{"line":20,"column":8},"end":{"line":21,"column":46}},"type":"if","locations":[{"start":{"line":20,"column":8},"end":{"line":21,"column":46}},{"start":{},"end":{}}],"line":20},"6":{"loc":{"start":{"line":24,"column":8},"end":{"line":25,"column":44}},"type":"if","locations":[{"start":{"line":24,"column":8},"end":{"line":25,"column":44}},{"start":{},"end":{}}],"line":24},"7":{"loc":{"start":{"line":27,"column":8},"end":{"line":29,"column":9}},"type":"if","locations":[{"start":{"line":27,"column":8},"end":{"line":29,"column":9}},{"start":{},"end":{}}],"line":27},"8":{"loc":{"start":{"line":33,"column":8},"end":{"line":35,"column":9}},"type":"if","locations":[{"start":{"line":33,"column":8},"end":{"line":35,"column":9}},{"start":{},"end":{}}],"line":33}},"s":{"0":1,"1":1,"2":1,"3":1,"4":1,"5":1,"6":1,"7":0,"8":0,"9":0,"10":1,"11":1,"12":0,"13":0,"14":0,"15":0,"16":0,"17":0,"18":0,"19":0,"20":0,"21":0,"22":0,"23":0,"24":0,"25":0,"26":1,"27":1},"f":{"0":1},"b":{"0":[0,1],"1":[1,1],"2":[0,0],"3":[0,0],"4":[1,0],"5":[0,0],"6":[0,0],"7":[0,0],"8":[0,0]},"_coverageSchema":"1a1c01bbd47fc00a2c39e90264f33305004495a9","hash":"b831685fd8a2c6685fde6b7a8564b5a5e679e782"}
,"C:\\Users\\vansh\\OneDrive\\Desktop\\vaishnav\\web dev\\Major_Leetcode\\full project\\codeforge_deploy_clean\\backend\\src\\middleware\\ratelimiter.js": {"path":"C:\\Users\\vansh\\OneDrive\\Desktop\\vaishnav\\web dev\\Major_Leetcode\\full project\\codeforge_deploy_clean\\backend\\src\\middleware\\ratelimiter.js","statementMap":{"0":{"start":{"line":1,"column":20},"end":{"line":1,"column":46}},"1":{"start":{"line":4,"column":31},"end":{"line":4,"column":33}},"2":{"start":{"line":5,"column":32},"end":{"line":5,"column":34}},"3":{"start":{"line":8,"column":22},"end":{"line":8,"column":31}},"4":{"start":{"line":10,"column":20},"end":{"line":52,"column":1}},"5":{"start":{"line":11,"column":2},"end":{"line":51,"column":3}},"6":{"start":{"line":12,"column":23},"end":{"line":12,"column":80}},"7":{"start":{"line":13,"column":16},"end":{"line":13,"column":41}},"8":{"start":{"line":14,"column":24},"end":{"line":14,"column":41}},"9":{"start":{"line":15,"column":24},"end":{"line":15,"column":60}},"10":{"start":{"line":18,"column":4},"end":{"line":31,"column":5}},"11":{"start":{"line":19,"column":6},"end":{"line":19,"column":62}},"12":{"start":{"line":20,"column":27},"end":{"line":20,"column":55}},"13":{"start":{"line":22,"column":6},"end":{"line":26,"column":7}},"14":{"start":{"line":23,"column":8},"end":{"line":25,"column":11}},"15":{"start":{"line":28,"column":6},"end":{"line":28,"column":102}},"16":{"start":{"line":29,"column":6},"end":{"line":29,"column":60}},"17":{"start":{"line":30,"column":6},"end":{"line":30,"column":20}},"18":{"start":{"line":34,"column":4},"end":{"line":36,"column":5}},"19":{"start":{"line":35,"column":6},"end":{"line":35,"column":40}},"20":{"start":{"line":37,"column":23},"end":{"line":37,"column":81}},"21":{"start":{"line":37,"column":65},"end":{"line":37,"column":80}},"22":{"start":{"line":38,"column":4},"end":{"line":42,"column":5}},"23":{"start":{"line":39,"column":6},"end":{"line":41,"column":9}},"24":{"start":{"line":43,"column":4},"end":{"line":43,"column":33}},"25":{"start":{"line":44,"column":4},"end":{"line":44,"column":46}},"26":{"start":{"line":45,"column":4},"end":{"line":45,"column":18}},"27":{"start":{"line":48,"column":4},"end":{"line":48,"column":56}},"28":{"start":{"line":50,"column":4},"end":{"line":50,"column":11}},"29":{"start":{"line":54,"column":0},"end":{"line":54,"column":29}}},"fnMap":{"0":{"name":"(anonymous_0)","decl":{"start":{"line":10,"column":20},"end":{"line":10,"column":21}},"loc":{"start":{"line":10,"column":46},"end":{"line":52,"column":1}},"line":10},"1":{"name":"(anonymous_1)","decl":{"start":{"line":37,"column":60},"end":{"line":37,"column":61}},"loc":{"start":{"line":37,"column":65},"end":{"line":37,"column":80}},"line":37}},"branchMap":{"0":{"loc":{"start":{"line":12,"column":23},"end":{"line":12,"column":80}},"type":"cond-expr","locations":[{"start":{"line":12,"column":36},"end":{"line":12,"column":58}},{"start":{"line":12,"column":62},"end":{"line":12,"column":79}}],"line":12},"1":{"loc":{"start":{"line":12,"column":62},"end":{"line":12,"column":79}},"type":"binary-expr","locations":[{"start":{"line":12,"column":62},"end":{"line":12,"column":68}},{"start":{"line":12,"column":72},"end":{"line":12,"column":79}}],"line":12},"2":{"loc":{"start":{"line":18,"column":4},"end":{"line":31,"column":5}},"type":"if","locations":[{"start":{"line":18,"column":4},"end":{"line":31,"column":5}},{"start":{},"end":{}}],"line":18},"3":{"loc":{"start":{"line":18,"column":8},"end":{"line":18,"column":41}},"type":"binary-expr","locations":[{"start":{"line":18,"column":8},"end":{"line":18,"column":19}},{"start":{"line":18,"column":23},"end":{"line":18,"column":41}}],"line":18},"4":{"loc":{"start":{"line":22,"column":6},"end":{"line":26,"column":7}},"type":"if","locations":[{"start":{"line":22,"column":6},"end":{"line":26,"column":7}},{"start":{},"end":{}}],"line":22},"5":{"loc":{"start":{"line":34,"column":4},"end":{"line":36,"column":5}},"type":"if","locations":[{"start":{"line":34,"column":4},"end":{"line":36,"column":5}},{"start":{},"end":{}}],"line":34},"6":{"loc":{"start":{"line":38,"column":4},"end":{"line":42,"column":5}},"type":"if","locations":[{"start":{"line":38,"column":4},"end":{"line":42,"column":5}},{"start":{},"end":{}}],"line":38}},"s":{"0":1,"1":1,"2":1,"3":1,"4":1,"5":0,"6":0,"7":0,"8":0,"9":0,"10":0,"11":0,"12":0,"13":0,"14":0,"15":0,"16":0,"17":0,"18":0,"19":0,"20":0,"21":0,"22":0,"23":0,"24":0,"25":0,"26":0,"27":0,"28":0,"29":1},"f":{"0":0,"1":0},"b":{"0":[0,0],"1":[0,0],"2":[0,0],"3":[0,0],"4":[0,0],"5":[0,0],"6":[0,0]},"_coverageSchema":"1a1c01bbd47fc00a2c39e90264f33305004495a9","hash":"dd81ce9cbb0c32135959fb706f3a06b24a7da571"}
,"C:\\Users\\vansh\\OneDrive\\Desktop\\vaishnav\\web dev\\Major_Leetcode\\full project\\codeforge_deploy_clean\\backend\\src\\middleware\\usermiddleware.js": {"path":"C:\\Users\\vansh\\OneDrive\\Desktop\\vaishnav\\web dev\\Major_Leetcode\\full project\\codeforge_deploy_clean\\backend\\src\\middleware\\usermiddleware.js","statementMap":{"0":{"start":{"line":2,"column":10},"end":{"line":2,"column":33}},"1":{"start":{"line":3,"column":11},"end":{"line":3,"column":36}},"2":{"start":{"line":4,"column":18},"end":{"line":4,"column":44}},"3":{"start":{"line":7,"column":21},"end":{"line":42,"column":1}},"4":{"start":{"line":8,"column":6},"end":{"line":41,"column":7}},"5":{"start":{"line":9,"column":20},"end":{"line":9,"column":38}},"6":{"start":{"line":10,"column":8},"end":{"line":15,"column":9}},"7":{"start":{"line":11,"column":24},"end":{"line":11,"column":60}},"8":{"start":{"line":12,"column":10},"end":{"line":14,"column":11}},"9":{"start":{"line":13,"column":12},"end":{"line":13,"column":29}},"10":{"start":{"line":16,"column":8},"end":{"line":17,"column":53}},"11":{"start":{"line":17,"column":12},"end":{"line":17,"column":53}},"12":{"start":{"line":18,"column":22},"end":{"line":18,"column":59}},"13":{"start":{"line":19,"column":19},"end":{"line":19,"column":26}},"14":{"start":{"line":21,"column":8},"end":{"line":22,"column":46}},"15":{"start":{"line":22,"column":12},"end":{"line":22,"column":46}},"16":{"start":{"line":23,"column":22},"end":{"line":23,"column":46}},"17":{"start":{"line":25,"column":8},"end":{"line":27,"column":9}},"18":{"start":{"line":26,"column":12},"end":{"line":26,"column":51}},"19":{"start":{"line":29,"column":8},"end":{"line":34,"column":9}},"20":{"start":{"line":30,"column":28},"end":{"line":30,"column":70}},"21":{"start":{"line":31,"column":10},"end":{"line":33,"column":11}},"22":{"start":{"line":32,"column":12},"end":{"line":32,"column":56}},"23":{"start":{"line":35,"column":8},"end":{"line":35,"column":26}},"24":{"start":{"line":37,"column":8},"end":{"line":37,"column":15}},"25":{"start":{"line":40,"column":8},"end":{"line":40,"column":92}},"26":{"start":{"line":43,"column":0},"end":{"line":43,"column":30}}},"fnMap":{"0":{"name":"(anonymous_0)","decl":{"start":{"line":7,"column":21},"end":{"line":7,"column":22}},"loc":{"start":{"line":7,"column":42},"end":{"line":42,"column":1}},"line":7}},"branchMap":{"0":{"loc":{"start":{"line":10,"column":8},"end":{"line":15,"column":9}},"type":"if","locations":[{"start":{"line":10,"column":8},"end":{"line":15,"column":9}},{"start":{},"end":{}}],"line":10},"1":{"loc":{"start":{"line":10,"column":12},"end":{"line":10,"column":47}},"type":"binary-expr","locations":[{"start":{"line":10,"column":12},"end":{"line":10,"column":18}},{"start":{"line":10,"column":22},"end":{"line":10,"column":47}}],"line":10},"2":{"loc":{"start":{"line":12,"column":10},"end":{"line":14,"column":11}},"type":"if","locations":[{"start":{"line":12,"column":10},"end":{"line":14,"column":11}},{"start":{},"end":{}}],"line":12},"3":{"loc":{"start":{"line":12,"column":14},"end":{"line":12,"column":57}},"type":"binary-expr","locations":[{"start":{"line":12,"column":14},"end":{"line":12,"column":32}},{"start":{"line":12,"column":36},"end":{"line":12,"column":57}}],"line":12},"4":{"loc":{"start":{"line":16,"column":8},"end":{"line":17,"column":53}},"type":"if","locations":[{"start":{"line":16,"column":8},"end":{"line":17,"column":53}},{"start":{},"end":{}}],"line":16},"5":{"loc":{"start":{"line":21,"column":8},"end":{"line":22,"column":46}},"type":"if","locations":[{"start":{"line":21,"column":8},"end":{"line":22,"column":46}},{"start":{},"end":{}}],"line":21},"6":{"loc":{"start":{"line":25,"column":8},"end":{"line":27,"column":9}},"type":"if","locations":[{"start":{"line":25,"column":8},"end":{"line":27,"column":9}},{"start":{},"end":{}}],"line":25},"7":{"loc":{"start":{"line":29,"column":8},"end":{"line":34,"column":9}},"type":"if","locations":[{"start":{"line":29,"column":8},"end":{"line":34,"column":9}},{"start":{},"end":{}}],"line":29},"8":{"loc":{"start":{"line":29,"column":12},"end":{"line":29,"column":45}},"type":"binary-expr","locations":[{"start":{"line":29,"column":12},"end":{"line":29,"column":23}},{"start":{"line":29,"column":27},"end":{"line":29,"column":45}}],"line":29},"9":{"loc":{"start":{"line":31,"column":10},"end":{"line":33,"column":11}},"type":"if","locations":[{"start":{"line":31,"column":10},"end":{"line":33,"column":11}},{"start":{},"end":{}}],"line":31}},"s":{"0":1,"1":1,"2":1,"3":1,"4":2,"5":2,"6":2,"7":0,"8":0,"9":0,"10":2,"11":2,"12":0,"13":0,"14":0,"15":0,"16":0,"17":0,"18":0,"19":0,"20":0,"21":0,"22":0,"23":0,"24":0,"25":2,"26":1},"f":{"0":2},"b":{"0":[0,2],"1":[2,2],"2":[0,0],"3":[0,0],"4":[2,0],"5":[0,0],"6":[0,0],"7":[0,0],"8":[0,0],"9":[0,0]},"_coverageSchema":"1a1c01bbd47fc00a2c39e90264f33305004495a9","hash":"d7654927d499d9fb1fbc25e0749f660e92999e61"}
,"C:\\Users\\vansh\\OneDrive\\Desktop\\vaishnav\\web dev\\Major_Leetcode\\full project\\codeforge_deploy_clean\\backend\\src\\models\\problem.js": {"path":"C:\\Users\\vansh\\OneDrive\\Desktop\\vaishnav\\web dev\\Major_Leetcode\\full project\\codeforge_deploy_clean\\backend\\src\\models\\problem.js","statementMap":{"0":{"start":{"line":1,"column":16},"end":{"line":1,"column":35}},"1":{"start":{"line":2,"column":19},"end":{"line":2,"column":36}},"2":{"start":{"line":3,"column":15},"end":{"line":3,"column":23}},"3":{"start":{"line":5,"column":20},"end":{"line":78,"column":2}},"4":{"start":{"line":79,"column":14},"end":{"line":79,"column":53}},"5":{"start":{"line":80,"column":0},"end":{"line":80,"column":23}}},"fnMap":{},"branchMap":{},"s":{"0":1,"1":1,"2":1,"3":1,"4":1,"5":1},"f":{},"b":{},"_coverageSchema":"1a1c01bbd47fc00a2c39e90264f33305004495a9","hash":"6fee9d2c103d1b816c86e7a4050d34ea59272d9f"}
,"C:\\Users\\vansh\\OneDrive\\Desktop\\vaishnav\\web dev\\Major_Leetcode\\full project\\codeforge_deploy_clean\\backend\\src\\models\\submission.js": {"path":"C:\\Users\\vansh\\OneDrive\\Desktop\\vaishnav\\web dev\\Major_Leetcode\\full project\\codeforge_deploy_clean\\backend\\src\\models\\submission.js","statementMap":{"0":{"start":{"line":1,"column":15},"end":{"line":1,"column":34}},"1":{"start":{"line":2,"column":13},"end":{"line":2,"column":28}},"2":{"start":{"line":4,"column":24},"end":{"line":54,"column":2}},"3":{"start":{"line":56,"column":0},"end":{"line":56,"column":49}},"4":{"start":{"line":58,"column":17},"end":{"line":58,"column":62}},"5":{"start":{"line":60,"column":0},"end":{"line":60,"column":26}}},"fnMap":{},"branchMap":{},"s":{"0":1,"1":1,"2":1,"3":1,"4":1,"5":1},"f":{},"b":{},"_coverageSchema":"1a1c01bbd47fc00a2c39e90264f33305004495a9","hash":"2bc1d50bb53093e7630bd14a43e555ad46972c0c"}
,"C:\\Users\\vansh\\OneDrive\\Desktop\\vaishnav\\web dev\\Major_Leetcode\\full project\\codeforge_deploy_clean\\backend\\src\\models\\user.js": {"path":"C:\\Users\\vansh\\OneDrive\\Desktop\\vaishnav\\web dev\\Major_Leetcode\\full project\\codeforge_deploy_clean\\backend\\src\\models\\user.js","statementMap":{"0":{"start":{"line":1,"column":16},"end":{"line":1,"column":35}},"1":{"start":{"line":2,"column":15},"end":{"line":2,"column":23}},"2":{"start":{"line":4,"column":18},"end":{"line":49,"column":1}},"3":{"start":{"line":51,"column":0},"end":{"line":55,"column":3}},"4":{"start":{"line":52,"column":0},"end":{"line":54,"column":1}},"5":{"start":{"line":53,"column":0},"end":{"line":53,"column":45}},"6":{"start":{"line":56,"column":11},"end":{"line":56,"column":44}},"7":{"start":{"line":57,"column":0},"end":{"line":57,"column":20}}},"fnMap":{"0":{"name":"(anonymous_0)","decl":{"start":{"line":51,"column":36},"end":{"line":51,"column":37}},"loc":{"start":{"line":51,"column":62},"end":{"line":55,"column":1}},"line":51}},"branchMap":{"0":{"loc":{"start":{"line":52,"column":0},"end":{"line":54,"column":1}},"type":"if","locations":[{"start":{"line":52,"column":0},"end":{"line":54,"column":1}},{"start":{},"end":{}}],"line":52}},"s":{"0":1,"1":1,"2":1,"3":1,"4":0,"5":0,"6":1,"7":1},"f":{"0":0},"b":{"0":[0,0]},"_coverageSchema":"1a1c01bbd47fc00a2c39e90264f33305004495a9","hash":"c119fd44164dffe2b935604ae236ab9a6e4bacc3"}
,"C:\\Users\\vansh\\OneDrive\\Desktop\\vaishnav\\web dev\\Major_Leetcode\\full project\\codeforge_deploy_clean\\backend\\src\\routes\\problemCreator.js": {"path":"C:\\Users\\vansh\\OneDrive\\Desktop\\vaishnav\\web dev\\Major_Leetcode\\full project\\codeforge_deploy_clean\\backend\\src\\routes\\problemCreator.js","statementMap":{"0":{"start":{"line":1,"column":14},"end":{"line":1,"column":32}},"1":{"start":{"line":2,"column":21},"end":{"line":2,"column":37}},"2":{"start":{"line":3,"column":22},"end":{"line":3,"column":62}},"3":{"start":{"line":4,"column":118},"end":{"line":4,"column":155}},"4":{"start":{"line":5,"column":21},"end":{"line":5,"column":60}},"5":{"start":{"line":8,"column":0},"end":{"line":8,"column":60}},"6":{"start":{"line":9,"column":0},"end":{"line":9,"column":63}},"7":{"start":{"line":10,"column":1},"end":{"line":10,"column":67}},"8":{"start":{"line":13,"column":1},"end":{"line":13,"column":54}},"9":{"start":{"line":14,"column":1},"end":{"line":14,"column":52}},"10":{"start":{"line":15,"column":1},"end":{"line":15,"column":81}},"11":{"start":{"line":16,"column":1},"end":{"line":16,"column":75}},"12":{"start":{"line":18,"column":22},"end":{"line":18,"column":59}},"13":{"start":{"line":21,"column":0},"end":{"line":21,"column":53}},"14":{"start":{"line":23,"column":0},"end":{"line":23,"column":29}}},"fnMap":{},"branchMap":{},"s":{"0":1,"1":1,"2":1,"3":1,"4":1,"5":1,"6":1,"7":1,"8":1,"9":1,"10":1,"11":1,"12":1,"13":1,"14":1},"f":{},"b":{},"_coverageSchema":"1a1c01bbd47fc00a2c39e90264f33305004495a9","hash":"910ae62b94067861e595c2d7d52ec96ecf795a90"}
,"C:\\Users\\vansh\\OneDrive\\Desktop\\vaishnav\\web dev\\Major_Leetcode\\full project\\codeforge_deploy_clean\\backend\\src\\routes\\submit.js": {"path":"C:\\Users\\vansh\\OneDrive\\Desktop\\vaishnav\\web dev\\Major_Leetcode\\full project\\codeforge_deploy_clean\\backend\\src\\routes\\submit.js","statementMap":{"0":{"start":{"line":1,"column":14},"end":{"line":1,"column":32}},"1":{"start":{"line":2,"column":19},"end":{"line":2,"column":35}},"2":{"start":{"line":3,"column":21},"end":{"line":3,"column":60}},"3":{"start":{"line":4,"column":18},"end":{"line":4,"column":54}},"4":{"start":{"line":5,"column":27},"end":{"line":5,"column":67}},"5":{"start":{"line":7,"column":0},"end":{"line":7,"column":72}},"6":{"start":{"line":8,"column":0},"end":{"line":8,"column":66}},"7":{"start":{"line":10,"column":0},"end":{"line":10,"column":28}}},"fnMap":{},"branchMap":{},"s":{"0":1,"1":1,"2":1,"3":1,"4":1,"5":1,"6":1,"7":1},"f":{},"b":{},"_coverageSchema":"1a1c01bbd47fc00a2c39e90264f33305004495a9","hash":"829f8c9614fee972d3fa5a9bb99a7ff0cf2fa9b1"}
,"C:\\Users\\vansh\\OneDrive\\Desktop\\vaishnav\\web dev\\Major_Leetcode\\full project\\codeforge_deploy_clean\\backend\\src\\routes\\userauth.js": {"path":"C:\\Users\\vansh\\OneDrive\\Desktop\\vaishnav\\web dev\\Major_Leetcode\\full project\\codeforge_deploy_clean\\backend\\src\\routes\\userauth.js","statementMap":{"0":{"start":{"line":1,"column":14},"end":{"line":1,"column":32}},"1":{"start":{"line":2,"column":18},"end":{"line":2,"column":34}},"2":{"start":{"line":3,"column":58},"end":{"line":3,"column":100}},"3":{"start":{"line":4,"column":21},"end":{"line":4,"column":60}},"4":{"start":{"line":5,"column":22},"end":{"line":5,"column":62}},"5":{"start":{"line":7,"column":0},"end":{"line":7,"column":37}},"6":{"start":{"line":8,"column":0},"end":{"line":8,"column":31}},"7":{"start":{"line":9,"column":0},"end":{"line":9,"column":48}},"8":{"start":{"line":10,"column":0},"end":{"line":10,"column":64}},"9":{"start":{"line":11,"column":0},"end":{"line":11,"column":61}},"10":{"start":{"line":12,"column":0},"end":{"line":24,"column":3}},"11":{"start":{"line":13,"column":18},"end":{"line":19,"column":5}},"12":{"start":{"line":20,"column":4},"end":{"line":23,"column":6}},"13":{"start":{"line":26,"column":0},"end":{"line":26,"column":26}}},"fnMap":{"0":{"name":"(anonymous_0)","decl":{"start":{"line":12,"column":39},"end":{"line":12,"column":40}},"loc":{"start":{"line":12,"column":50},"end":{"line":24,"column":1}},"line":12}},"branchMap":{},"s":{"0":1,"1":1,"2":1,"3":1,"4":1,"5":1,"6":1,"7":1,"8":1,"9":1,"10":1,"11":0,"12":0,"13":1},"f":{"0":0},"b":{},"_coverageSchema":"1a1c01bbd47fc00a2c39e90264f33305004495a9","hash":"f1ebee04b4e96dc50c6cd6a6e90da9f67eea4f7f"}
,"C:\\Users\\vansh\\OneDrive\\Desktop\\vaishnav\\web dev\\Major_Leetcode\\full project\\codeforge_deploy_clean\\backend\\src\\utils\\problemUtility.js": {"path":"C:\\Users\\vansh\\OneDrive\\Desktop\\vaishnav\\web dev\\Major_Leetcode\\full project\\codeforge_deploy_clean\\backend\\src\\utils\\problemUtility.js","statementMap":{"0":{"start":{"line":1,"column":14},"end":{"line":1,"column":30}},"1":{"start":{"line":10,"column":24},"end":{"line":23,"column":1}},"2":{"start":{"line":11,"column":21},"end":{"line":20,"column":5}},"3":{"start":{"line":22,"column":4},"end":{"line":22,"column":46}},"4":{"start":{"line":27,"column":25},"end":{"line":29,"column":1}},"5":{"start":{"line":28,"column":4},"end":{"line":28,"column":61}},"6":{"start":{"line":34,"column":16},"end":{"line":34,"column":61}},"7":{"start":{"line":36,"column":4},"end":{"line":61,"column":5}},"8":{"start":{"line":37,"column":25},"end":{"line":47,"column":10}},"9":{"start":{"line":49,"column":21},"end":{"line":49,"column":42}},"10":{"start":{"line":51,"column":8},"end":{"line":57,"column":9}},"11":{"start":{"line":52,"column":12},"end":{"line":52,"column":65}},"12":{"start":{"line":53,"column":12},"end":{"line":53,"column":24}},"13":{"start":{"line":55,"column":12},"end":{"line":55,"column":90}},"14":{"start":{"line":56,"column":12},"end":{"line":56,"column":24}},"15":{"start":{"line":59,"column":8},"end":{"line":59,"column":50}},"16":{"start":{"line":60,"column":8},"end":{"line":60,"column":20}},"17":{"start":{"line":65,"column":20},"end":{"line":87,"column":1}},"18":{"start":{"line":66,"column":4},"end":{"line":86,"column":5}},"19":{"start":{"line":67,"column":25},"end":{"line":80,"column":9}},"20":{"start":{"line":82,"column":8},"end":{"line":82,"column":29}},"21":{"start":{"line":84,"column":8},"end":{"line":84,"column":70}},"22":{"start":{"line":85,"column":8},"end":{"line":85,"column":20}},"23":{"start":{"line":90,"column":20},"end":{"line":111,"column":1}},"24":{"start":{"line":91,"column":4},"end":{"line":110,"column":5}},"25":{"start":{"line":92,"column":25},"end":{"line":104,"column":9}},"26":{"start":{"line":106,"column":8},"end":{"line":106,"column":29}},"27":{"start":{"line":108,"column":8},"end":{"line":108,"column":69}},"28":{"start":{"line":109,"column":8},"end":{"line":109,"column":20}},"29":{"start":{"line":113,"column":0},"end":{"line":118,"column":2}}},"fnMap":{"0":{"name":"(anonymous_0)","decl":{"start":{"line":10,"column":24},"end":{"line":10,"column":25}},"loc":{"start":{"line":10,"column":34},"end":{"line":23,"column":1}},"line":10},"1":{"name":"(anonymous_1)","decl":{"start":{"line":27,"column":25},"end":{"line":27,"column":26}},"loc":{"start":{"line":27,"column":31},"end":{"line":29,"column":1}},"line":27},"2":{"name":"executeCode","decl":{"start":{"line":33,"column":15},"end":{"line":33,"column":26}},"loc":{"start":{"line":33,"column":68},"end":{"line":62,"column":1}},"line":33},"3":{"name":"(anonymous_3)","decl":{"start":{"line":65,"column":20},"end":{"line":65,"column":21}},"loc":{"start":{"line":65,"column":43},"end":{"line":87,"column":1}},"line":65},"4":{"name":"(anonymous_4)","decl":{"start":{"line":90,"column":20},"end":{"line":90,"column":21}},"loc":{"start":{"line":90,"column":43},"end":{"line":111,"column":1}},"line":90}},"branchMap":{"0":{"loc":{"start":{"line":22,"column":11},"end":{"line":22,"column":45}},"type":"binary-expr","locations":[{"start":{"line":22,"column":11},"end":{"line":22,"column":39}},{"start":{"line":22,"column":43},"end":{"line":22,"column":45}}],"line":22},"1":{"loc":{"start":{"line":28,"column":11},"end":{"line":28,"column":60}},"type":"binary-expr","locations":[{"start":{"line":28,"column":11},"end":{"line":28,"column":33}},{"start":{"line":28,"column":37},"end":{"line":28,"column":60}}],"line":28},"2":{"loc":{"start":{"line":33,"column":39},"end":{"line":33,"column":54}},"type":"default-arg","locations":[{"start":{"line":33,"column":52},"end":{"line":33,"column":54}}],"line":33},"3":{"loc":{"start":{"line":33,"column":56},"end":{"line":33,"column":66}},"type":"default-arg","locations":[{"start":{"line":33,"column":64},"end":{"line":33,"column":66}}],"line":33},"4":{"loc":{"start":{"line":45,"column":23},"end":{"line":45,"column":34}},"type":"binary-expr","locations":[{"start":{"line":45,"column":23},"end":{"line":45,"column":28}},{"start":{"line":45,"column":32},"end":{"line":45,"column":34}}],"line":45},"5":{"loc":{"start":{"line":51,"column":8},"end":{"line":57,"column":9}},"type":"if","locations":[{"start":{"line":51,"column":8},"end":{"line":57,"column":9}},{"start":{"line":54,"column":15},"end":{"line":57,"column":9}}],"line":51},"6":{"loc":{"start":{"line":55,"column":54},"end":{"line":55,"column":88}},"type":"binary-expr","locations":[{"start":{"line":55,"column":54},"end":{"line":55,"column":65}},{"start":{"line":55,"column":69},"end":{"line":55,"column":88}}],"line":55}},"s":{"0":1,"1":1,"2":0,"3":0,"4":1,"5":0,"6":0,"7":0,"8":0,"9":0,"10":0,"11":0,"12":0,"13":0,"14":0,"15":0,"16":0,"17":1,"18":0,"19":0,"20":0,"21":0,"22":0,"23":1,"24":0,"25":0,"26":0,"27":0,"28":0,"29":1},"f":{"0":0,"1":0,"2":0,"3":0,"4":0},"b":{"0":[0,0],"1":[0,0],"2":[0],"3":[0],"4":[0,0],"5":[0,0],"6":[0,0]},"_coverageSchema":"1a1c01bbd47fc00a2c39e90264f33305004495a9","hash":"616dc7b63dbf31e2b5dd2cc955ce152aa5ab85b7"}
,"C:\\Users\\vansh\\OneDrive\\Desktop\\vaishnav\\web dev\\Major_Leetcode\\full project\\codeforge_deploy_clean\\backend\\src\\utils\\validator.js": {"path":"C:\\Users\\vansh\\OneDrive\\Desktop\\vaishnav\\web dev\\Major_Leetcode\\full project\\codeforge_deploy_clean\\backend\\src\\utils\\validator.js","statementMap":{"0":{"start":{"line":1,"column":16},"end":{"line":1,"column":36}},"1":{"start":{"line":3,"column":15},"end":{"line":12,"column":1}},"2":{"start":{"line":4,"column":23},"end":{"line":4,"column":57}},"3":{"start":{"line":5,"column":18},"end":{"line":5,"column":74}},"4":{"start":{"line":5,"column":44},"end":{"line":5,"column":73}},"5":{"start":{"line":6,"column":2},"end":{"line":7,"column":41}},"6":{"start":{"line":7,"column":4},"end":{"line":7,"column":41}},"7":{"start":{"line":8,"column":0},"end":{"line":9,"column":36}},"8":{"start":{"line":9,"column":4},"end":{"line":9,"column":36}},"9":{"start":{"line":10,"column":0},"end":{"line":11,"column":38}},"10":{"start":{"line":11,"column":4},"end":{"line":11,"column":38}},"11":{"start":{"line":13,"column":0},"end":{"line":13,"column":24}}},"fnMap":{"0":{"name":"(anonymous_0)","decl":{"start":{"line":3,"column":15},"end":{"line":3,"column":16}},"loc":{"start":{"line":3,"column":23},"end":{"line":12,"column":1}},"line":3},"1":{"name":"(anonymous_1)","decl":{"start":{"line":5,"column":39},"end":{"line":5,"column":40}},"loc":{"start":{"line":5,"column":44},"end":{"line":5,"column":73}},"line":5}},"branchMap":{"0":{"loc":{"start":{"line":6,"column":2},"end":{"line":7,"column":41}},"type":"if","locations":[{"start":{"line":6,"column":2},"end":{"line":7,"column":41}},{"start":{},"end":{}}],"line":6},"1":{"loc":{"start":{"line":8,"column":0},"end":{"line":9,"column":36}},"type":"if","locations":[{"start":{"line":8,"column":0},"end":{"line":9,"column":36}},{"start":{},"end":{}}],"line":8},"2":{"loc":{"start":{"line":10,"column":0},"end":{"line":11,"column":38}},"type":"if","locations":[{"start":{"line":10,"column":0},"end":{"line":11,"column":38}},{"start":{},"end":{}}],"line":10}},"s":{"0":1,"1":1,"2":1,"3":1,"4":1,"5":1,"6":1,"7":0,"8":0,"9":0,"10":0,"11":1},"f":{"0":1,"1":1},"b":{"0":[1,0],"1":[0,0],"2":[0,0]},"_coverageSchema":"1a1c01bbd47fc00a2c39e90264f33305004495a9","hash":"934f8ad5c3af36fce6861d75a2c7051804e7c057"}
}
